Started by user [8mha:////4Bd5OVLHQ2TAqoPRXtWC3O4O5Plakk5xwc45x1djHEJKAAAAlx+LCAAAAAAAAP9b85aBtbiIQTGjNKU4P08vOT+vOD8nVc83PyU1x6OyILUoJzMv2y+/JJUBAhiZGBgqihhk0NSjKDWzXb3RdlLBUSYGJk8GtpzUvPSSDB8G5tKinBIGIZ+sxLJE/ZzEvHT94JKizLx0a6BxUmjGOUNodHsLgAzWEgZu/dLi1CL9gsS8lEQACjKVYMAAAAA=[0mPanda
Running as SYSTEM
Building in workspace /var/jenkins_home/workspace/Maven
The recommended git tool is: NONE
No credentials specified
 > git rev-parse --resolve-git-dir /var/jenkins_home/workspace/Maven/.git # timeout=10
Fetching changes from the remote Git repository
 > git config remote.origin.url https://github.com/Maclawg/panda_application # timeout=10
Fetching upstream changes from https://github.com/Maclawg/panda_application
 > git --version # timeout=10
 > git --version # 'git version 2.20.1'
 > git fetch --tags --force --progress -- https://github.com/Maclawg/panda_application +refs/heads/*:refs/remotes/origin/* # timeout=10
 > git rev-parse refs/remotes/origin/feature/selenium^{commit} # timeout=10
Checking out Revision c2e2e86299aae861a01fb74ae3eaff814dc0b566 (refs/remotes/origin/feature/selenium)
 > git config core.sparsecheckout # timeout=10
 > git checkout -f c2e2e86299aae861a01fb74ae3eaff814dc0b566 # timeout=10
Commit message: "deleted gecko driver"
First time build. Skipping changelog.
[Maven] $ /var/jenkins_home/tools/hudson.tasks.Maven_MavenInstallation/m3/bin/mvn clean install
[INFO] Scanning for projects...
[INFO] 
[INFO] --------------------------< pl.pandait:panda >--------------------------
[INFO] Building panda 0.0.1
[INFO] --------------------------------[ jar ]---------------------------------
Downloading from central: https://repo.maven.apache.org/maven2/org/hamcrest/hamcrest-core/2.1/hamcrest-core-2.1.pom
Progress (1): 1.4 kB                    Downloaded from central: https://repo.maven.apache.org/maven2/org/hamcrest/hamcrest-core/2.1/hamcrest-core-2.1.pom (1.4 kB at 1.8 kB/s)
Downloading from central: https://repo.maven.apache.org/maven2/org/seleniumhq/selenium/selenium-java/3.141.59/selenium-java-3.141.59.pom
Progress (1): 2.7/5.4 kBProgress (1): 5.4 kB                        Downloaded from central: https://repo.maven.apache.org/maven2/org/seleniumhq/selenium/selenium-java/3.141.59/selenium-java-3.141.59.pom (5.4 kB at 56 kB/s)
Downloading from central: https://repo.maven.apache.org/maven2/org/seleniumhq/selenium/selenium-api/3.141.59/selenium-api-3.141.59.pom
Progress (1): 2.6 kB                    Downloaded from central: https://repo.maven.apache.org/maven2/org/seleniumhq/selenium/selenium-api/3.141.59/selenium-api-3.141.59.pom (2.6 kB at 32 kB/s)
Downloading from central: https://repo.maven.apache.org/maven2/org/seleniumhq/selenium/selenium-chrome-driver/3.141.59/selenium-chrome-driver-3.141.59.pom
Progress (1): 2.7/4.0 kBProgress (1): 4.0 kB                        Downloaded from central: https://repo.maven.apache.org/maven2/org/seleniumhq/selenium/selenium-chrome-driver/3.141.59/selenium-chrome-driver-3.141.59.pom (4.0 kB at 42 kB/s)
Downloading from central: https://repo.maven.apache.org/maven2/org/seleniumhq/selenium/selenium-remote-driver/3.141.59/selenium-remote-driver-3.141.59.pom
Progress (1): 2.7/3.8 kBProgress (1): 3.8 kB                        Downloaded from central: https://repo.maven.apache.org/maven2/org/seleniumhq/selenium/selenium-remote-driver/3.141.59/selenium-remote-driver-3.141.59.pom (3.8 kB at 40 kB/s)
Downloading from central: https://repo.maven.apache.org/maven2/org/apache/commons/commons-exec/1.3/commons-exec-1.3.pom
Progress (1): 2.7/11 kBProgress (1): 5.5/11 kBProgress (1): 8.2/11 kBProgress (1): 11/11 kB Progress (1): 11 kB                      Downloaded from central: https://repo.maven.apache.org/maven2/org/apache/commons/commons-exec/1.3/commons-exec-1.3.pom (11 kB at 95 kB/s)
Downloading from central: https://repo.maven.apache.org/maven2/org/apache/commons/commons-parent/35/commons-parent-35.pom
Progress (1): 2.7/58 kBProgress (1): 5.5/58 kBProgress (1): 8.2/58 kBProgress (1): 11/58 kB Progress (1): 14/58 kBProgress (1): 16/58 kBProgress (1): 19/58 kBProgress (1): 22/58 kBProgress (1): 25/58 kBProgress (1): 27/58 kBProgress (1): 30/58 kBProgress (1): 33/58 kBProgress (1): 36/58 kBProgress (1): 38/58 kBProgress (1): 41/58 kBProgress (1): 44/58 kBProgress (1): 47/58 kBProgress (1): 49/58 kBProgress (1): 52/58 kBProgress (1): 55/58 kBProgress (1): 58/58 kBProgress (1): 58 kB                      Downloaded from central: https://repo.maven.apache.org/maven2/org/apache/commons/commons-parent/35/commons-parent-35.pom (58 kB at 507 kB/s)
Downloading from central: https://repo.maven.apache.org/maven2/com/google/guava/guava/25.0-jre/guava-25.0-jre.pom
Progress (1): 2.7/7.8 kBProgress (1): 5.5/7.8 kBProgress (1): 7.8 kB                        Downloaded from central: https://repo.maven.apache.org/maven2/com/google/guava/guava/25.0-jre/guava-25.0-jre.pom (7.8 kB at 90 kB/s)
Downloading from central: https://repo.maven.apache.org/maven2/com/google/guava/guava-parent/25.0-jre/guava-parent-25.0-jre.pom
Progress (1): 2.7/10 kBProgress (1): 5.5/10 kBProgress (1): 8.2/10 kBProgress (1): 10 kB                       Downloaded from central: https://repo.maven.apache.org/maven2/com/google/guava/guava-parent/25.0-jre/guava-parent-25.0-jre.pom (10 kB at 130 kB/s)
Downloading from central: https://repo.maven.apache.org/maven2/com/google/code/findbugs/jsr305/1.3.9/jsr305-1.3.9.pom
Progress (1): 965 B                   Downloaded from central: https://repo.maven.apache.org/maven2/com/google/code/findbugs/jsr305/1.3.9/jsr305-1.3.9.pom (965 B at 12 kB/s)
Downloading from central: https://repo.maven.apache.org/maven2/org/checkerframework/checker-compat-qual/2.0.0/checker-compat-qual-2.0.0.pom
Progress (1): 2.7/4.2 kBProgress (1): 4.2 kB                        Downloaded from central: https://repo.maven.apache.org/maven2/org/checkerframework/checker-compat-qual/2.0.0/checker-compat-qual-2.0.0.pom (4.2 kB at 47 kB/s)
Downloading from central: https://repo.maven.apache.org/maven2/com/google/errorprone/error_prone_annotations/2.1.3/error_prone_annotations-2.1.3.pom
Progress (1): 1.8 kB                    Downloaded from central: https://repo.maven.apache.org/maven2/com/google/errorprone/error_prone_annotations/2.1.3/error_prone_annotations-2.1.3.pom (1.8 kB at 25 kB/s)
Downloading from central: https://repo.maven.apache.org/maven2/com/google/errorprone/error_prone_parent/2.1.3/error_prone_parent-2.1.3.pom
Progress (1): 2.7/5.1 kBProgress (1): 5.1 kB                        Downloaded from central: https://repo.maven.apache.org/maven2/com/google/errorprone/error_prone_parent/2.1.3/error_prone_parent-2.1.3.pom (5.1 kB at 72 kB/s)
Downloading from central: https://repo.maven.apache.org/maven2/com/google/j2objc/j2objc-annotations/1.1/j2objc-annotations-1.1.pom
Progress (1): 2.7/2.8 kBProgress (1): 2.8 kB                        Downloaded from central: https://repo.maven.apache.org/maven2/com/google/j2objc/j2objc-annotations/1.1/j2objc-annotations-1.1.pom (2.8 kB at 36 kB/s)
Downloading from central: https://repo.maven.apache.org/maven2/org/codehaus/mojo/animal-sniffer-annotations/1.14/animal-sniffer-annotations-1.14.pom
Progress (1): 2.5 kB                    Downloaded from central: https://repo.maven.apache.org/maven2/org/codehaus/mojo/animal-sniffer-annotations/1.14/animal-sniffer-annotations-1.14.pom (2.5 kB at 29 kB/s)
Downloading from central: https://repo.maven.apache.org/maven2/org/codehaus/mojo/animal-sniffer-parent/1.14/animal-sniffer-parent-1.14.pom
Progress (1): 2.7/4.4 kBProgress (1): 4.4 kB                        Downloaded from central: https://repo.maven.apache.org/maven2/org/codehaus/mojo/animal-sniffer-parent/1.14/animal-sniffer-parent-1.14.pom (4.4 kB at 37 kB/s)
Downloading from central: https://repo.maven.apache.org/maven2/org/codehaus/mojo/mojo-parent/34/mojo-parent-34.pom
Progress (1): 2.7/24 kBProgress (1): 5.5/24 kBProgress (1): 8.2/24 kBProgress (1): 11/24 kB Progress (1): 14/24 kBProgress (1): 16/24 kBProgress (1): 19/24 kBProgress (1): 22/24 kBProgress (1): 24 kB                      Downloaded from central: https://repo.maven.apache.org/maven2/org/codehaus/mojo/mojo-parent/34/mojo-parent-34.pom (24 kB at 325 kB/s)
Downloading from central: https://repo.maven.apache.org/maven2/org/codehaus/codehaus-parent/4/codehaus-parent-4.pom
Progress (1): 2.7/4.8 kBProgress (1): 4.8 kB                        Downloaded from central: https://repo.maven.apache.org/maven2/org/codehaus/codehaus-parent/4/codehaus-parent-4.pom (4.8 kB at 68 kB/s)
Downloading from central: https://repo.maven.apache.org/maven2/com/squareup/okhttp3/okhttp/3.14.6/okhttp-3.14.6.pom
Progress (1): 2.5 kB                    Downloaded from central: https://repo.maven.apache.org/maven2/com/squareup/okhttp3/okhttp/3.14.6/okhttp-3.14.6.pom (2.5 kB at 29 kB/s)
Downloading from central: https://repo.maven.apache.org/maven2/com/squareup/okhttp3/parent/3.14.6/parent-3.14.6.pom
Progress (1): 2.7/21 kBProgress (1): 5.5/21 kBProgress (1): 8.2/21 kBProgress (1): 11/21 kB Progress (1): 14/21 kBProgress (1): 16/21 kBProgress (1): 19/21 kBProgress (1): 21 kB                      Downloaded from central: https://repo.maven.apache.org/maven2/com/squareup/okhttp3/parent/3.14.6/parent-3.14.6.pom (21 kB at 290 kB/s)
Downloading from central: https://repo.maven.apache.org/maven2/com/squareup/okio/okio/1.17.2/okio-1.17.2.pom
Progress (1): 2.0 kB                    Downloaded from central: https://repo.maven.apache.org/maven2/com/squareup/okio/okio/1.17.2/okio-1.17.2.pom (2.0 kB at 25 kB/s)
Downloading from central: https://repo.maven.apache.org/maven2/com/squareup/okio/okio-parent/1.17.2/okio-parent-1.17.2.pom
Progress (1): 2.7/4.9 kBProgress (1): 4.9 kB                        Downloaded from central: https://repo.maven.apache.org/maven2/com/squareup/okio/okio-parent/1.17.2/okio-parent-1.17.2.pom (4.9 kB at 69 kB/s)
Downloading from central: https://repo.maven.apache.org/maven2/com/squareup/okio/okio/1.14.0/okio-1.14.0.pom
Progress (1): 2.0 kB                    Downloaded from central: https://repo.maven.apache.org/maven2/com/squareup/okio/okio/1.14.0/okio-1.14.0.pom (2.0 kB at 26 kB/s)
Downloading from central: https://repo.maven.apache.org/maven2/com/squareup/okio/okio-parent/1.14.0/okio-parent-1.14.0.pom
Progress (1): 4.1/4.9 kBProgress (1): 4.9 kB                        Downloaded from central: https://repo.maven.apache.org/maven2/com/squareup/okio/okio-parent/1.14.0/okio-parent-1.14.0.pom (4.9 kB at 64 kB/s)
Downloading from central: https://repo.maven.apache.org/maven2/org/seleniumhq/selenium/selenium-edge-driver/3.141.59/selenium-edge-driver-3.141.59.pom
Progress (1): 4.0 kB                    Downloaded from central: https://repo.maven.apache.org/maven2/org/seleniumhq/selenium/selenium-edge-driver/3.141.59/selenium-edge-driver-3.141.59.pom (4.0 kB at 55 kB/s)
Downloading from central: https://repo.maven.apache.org/maven2/org/seleniumhq/selenium/selenium-firefox-driver/3.141.59/selenium-firefox-driver-3.141.59.pom
Progress (1): 4.0 kB                    Downloaded from central: https://repo.maven.apache.org/maven2/org/seleniumhq/selenium/selenium-firefox-driver/3.141.59/selenium-firefox-driver-3.141.59.pom (4.0 kB at 57 kB/s)
Downloading from central: https://repo.maven.apache.org/maven2/org/seleniumhq/selenium/selenium-ie-driver/3.141.59/selenium-ie-driver-3.141.59.pom
Progress (1): 4.0 kB                    Downloaded from central: https://repo.maven.apache.org/maven2/org/seleniumhq/selenium/selenium-ie-driver/3.141.59/selenium-ie-driver-3.141.59.pom (4.0 kB at 58 kB/s)
Downloading from central: https://repo.maven.apache.org/maven2/org/seleniumhq/selenium/selenium-opera-driver/3.141.59/selenium-opera-driver-3.141.59.pom
Progress (1): 4.0 kB                    Downloaded from central: https://repo.maven.apache.org/maven2/org/seleniumhq/selenium/selenium-opera-driver/3.141.59/selenium-opera-driver-3.141.59.pom (4.0 kB at 53 kB/s)
Downloading from central: https://repo.maven.apache.org/maven2/org/seleniumhq/selenium/selenium-safari-driver/3.141.59/selenium-safari-driver-3.141.59.pom
Progress (1): 4.0 kB                    Downloaded from central: https://repo.maven.apache.org/maven2/org/seleniumhq/selenium/selenium-safari-driver/3.141.59/selenium-safari-driver-3.141.59.pom (4.0 kB at 55 kB/s)
Downloading from central: https://repo.maven.apache.org/maven2/org/seleniumhq/selenium/selenium-support/3.141.59/selenium-support-3.141.59.pom
Progress (1): 4.0 kB                    Downloaded from central: https://repo.maven.apache.org/maven2/org/seleniumhq/selenium/selenium-support/3.141.59/selenium-support-3.141.59.pom (4.0 kB at 50 kB/s)
Downloading from central: https://repo.maven.apache.org/maven2/org/hamcrest/hamcrest-core/2.1/hamcrest-core-2.1.jar
Downloading from central: https://repo.maven.apache.org/maven2/org/seleniumhq/selenium/selenium-java/3.141.59/selenium-java-3.141.59.jar
Downloading from central: https://repo.maven.apache.org/maven2/org/seleniumhq/selenium/selenium-api/3.141.59/selenium-api-3.141.59.jar
Downloading from central: https://repo.maven.apache.org/maven2/org/seleniumhq/selenium/selenium-edge-driver/3.141.59/selenium-edge-driver-3.141.59.jar
Downloading from central: https://repo.maven.apache.org/maven2/org/seleniumhq/selenium/selenium-chrome-driver/3.141.59/selenium-chrome-driver-3.141.59.jar
Progress (1): 355 B                   Downloaded from central: https://repo.maven.apache.org/maven2/org/seleniumhq/selenium/selenium-java/3.141.59/selenium-java-3.141.59.jar (355 B at 3.6 kB/s)
Downloading from central: https://repo.maven.apache.org/maven2/org/seleniumhq/selenium/selenium-firefox-driver/3.141.59/selenium-firefox-driver-3.141.59.jar
Progress (1): 4.1/810 kBProgress (1): 8.2/810 kBProgress (1): 12/810 kB Progress (1): 16/810 kBProgress (1): 20/810 kBProgress (1): 25/810 kBProgress (1): 29/810 kBProgress (1): 33/810 kBProgress (1): 36/810 kBProgress (1): 40/810 kBProgress (1): 44/810 kBProgress (1): 48/810 kBProgress (1): 52/810 kBProgress (1): 56/810 kBProgress (1): 61/810 kBProgress (1): 65/810 kBProgress (1): 69/810 kBProgress (1): 73/810 kBProgress (1): 77/810 kBProgress (1): 81/810 kBProgress (1): 85/810 kBProgress (1): 89/810 kBProgress (1): 93/810 kBProgress (1): 97/810 kBProgress (1): 102/810 kBProgress (1): 106/810 kBProgress (1): 110/810 kBProgress (1): 114/810 kBProgress (1): 118/810 kBProgress (1): 122/810 kBProgress (1): 126/810 kBProgress (1): 130/810 kBProgress (1): 134/810 kBProgress (1): 138/810 kBProgress (1): 143/810 kBProgress (1): 147/810 kBProgress (1): 151/810 kBProgress (1): 155/810 kBProgress (1): 159/810 kBProgress (1): 163/810 kBProgress (1): 167/810 kBProgress (1): 171/810 kBProgress (1): 175/810 kBProgress (1): 179/810 kBProgress (1): 183/810 kBProgress (1): 188/810 kBProgress (1): 192/810 kBProgress (1): 196/810 kBProgress (1): 200/810 kBProgress (1): 204/810 kBProgress (1): 208/810 kBProgress (1): 212/810 kBProgress (1): 216/810 kBProgress (1): 220/810 kBProgress (1): 224/810 kBProgress (1): 229/810 kBProgress (1): 233/810 kBProgress (1): 237/810 kBProgress (1): 241/810 kBProgress (1): 245/810 kBProgress (1): 249/810 kBProgress (2): 249/810 kB | 1.2 kBProgress (2): 253/810 kB | 1.2 kBProgress (2): 257/810 kB | 1.2 kBProgress (2): 261/810 kB | 1.2 kBProgress (2): 265/810 kB | 1.2 kBProgress (2): 269/810 kB | 1.2 kBProgress (2): 274/810 kB | 1.2 kBProgress (2): 278/810 kB | 1.2 kBProgress (2): 282/810 kB | 1.2 kBProgress (2): 286/810 kB | 1.2 kBProgress (2): 290/810 kB | 1.2 kBProgress (2): 294/810 kB | 1.2 kBProgress (2): 298/810 kB | 1.2 kBProgress (2): 302/810 kB | 1.2 kBProgress (2): 306/810 kB | 1.2 kBProgress (3): 306/810 kB | 1.2 kB | 2.7/182 kBProgress (3): 310/810 kB | 1.2 kB | 2.7/182 kBProgress (3): 310/810 kB | 1.2 kB | 5.5/182 kBProgress (3): 310/810 kB | 1.2 kB | 8.2/182 kBProgress (3): 310/810 kB | 1.2 kB | 11/182 kB Progress (3): 310/810 kB | 1.2 kB | 14/182 kBProgress (3): 315/810 kB | 1.2 kB | 14/182 kBProgress (3): 319/810 kB | 1.2 kB | 14/182 kBProgress (3): 323/810 kB | 1.2 kB | 14/182 kBProgress (3): 323/810 kB | 1.2 kB | 16/182 kBProgress (3): 323/810 kB | 1.2 kB | 19/182 kBProgress (3): 323/810 kB | 1.2 kB | 22/182 kBProgress (3): 323/810 kB | 1.2 kB | 25/182 kBProgress (3): 323/810 kB | 1.2 kB | 27/182 kBProgress (3): 327/810 kB | 1.2 kB | 27/182 kBProgress (3): 331/810 kB | 1.2 kB | 27/182 kB                                             Downloaded from central: https://repo.maven.apache.org/maven2/org/hamcrest/hamcrest-core/2.1/hamcrest-core-2.1.jar (1.2 kB at 4.1 kB/s)
Progress (2): 335/810 kB | 27/182 kB                                    Downloading from central: https://repo.maven.apache.org/maven2/org/seleniumhq/selenium/selenium-ie-driver/3.141.59/selenium-ie-driver-3.141.59.jar
Progress (2): 335/810 kB | 30/182 kBProgress (2): 339/810 kB | 30/182 kBProgress (2): 343/810 kB | 30/182 kBProgress (2): 347/810 kB | 30/182 kBProgress (2): 351/810 kB | 30/182 kBProgress (2): 355/810 kB | 30/182 kBProgress (2): 360/810 kB | 30/182 kBProgress (2): 364/810 kB | 30/182 kBProgress (2): 364/810 kB | 33/182 kBProgress (2): 364/810 kB | 36/182 kBProgress (2): 364/810 kB | 38/182 kBProgress (2): 368/810 kB | 38/182 kBProgress (2): 372/810 kB | 38/182 kBProgress (3): 372/810 kB | 38/182 kB | 2.7/14 kBProgress (3): 376/810 kB | 38/182 kB | 2.7/14 kBProgress (3): 376/810 kB | 38/182 kB | 5.5/14 kBProgress (3): 376/810 kB | 41/182 kB | 5.5/14 kBProgress (3): 376/810 kB | 41/182 kB | 8.2/14 kBProgress (3): 380/810 kB | 41/182 kB | 8.2/14 kBProgress (3): 380/810 kB | 44/182 kB | 8.2/14 kBProgress (3): 380/810 kB | 44/182 kB | 11/14 kB Progress (3): 380/810 kB | 47/182 kB | 11/14 kBProgress (3): 380/810 kB | 47/182 kB | 14/14 kBProgress (3): 380/810 kB | 49/182 kB | 14/14 kBProgress (3): 380/810 kB | 52/182 kB | 14/14 kBProgress (3): 380/810 kB | 52/182 kB | 14 kB   Progress (3): 384/810 kB | 52/182 kB | 14 kBProgress (3): 388/810 kB | 52/182 kB | 14 kBProgress (3): 392/810 kB | 52/182 kB | 14 kBProgress (3): 396/810 kB | 52/182 kB | 14 kBProgress (3): 401/810 kB | 52/182 kB | 14 kBProgress (3): 405/810 kB | 52/182 kB | 14 kBProgress (3): 409/810 kB | 52/182 kB | 14 kBProgress (3): 413/810 kB | 52/182 kB | 14 kBProgress (3): 417/810 kB | 52/182 kB | 14 kBProgress (3): 421/810 kB | 52/182 kB | 14 kBProgress (3): 425/810 kB | 52/182 kB | 14 kBProgress (3): 429/810 kB | 52/182 kB | 14 kBProgress (3): 429/810 kB | 55/182 kB | 14 kBProgress (3): 429/810 kB | 58/182 kB | 14 kBProgress (3): 429/810 kB | 60/182 kB | 14 kBProgress (3): 433/810 kB | 60/182 kB | 14 kBProgress (3): 433/810 kB | 63/182 kB | 14 kBProgress (3): 437/810 kB | 63/182 kB | 14 kBProgress (3): 437/810 kB | 66/182 kB | 14 kBProgress (3): 442/810 kB | 66/182 kB | 14 kBProgress (3): 446/810 kB | 66/182 kB | 14 kBProgress (4): 446/810 kB | 66/182 kB | 14 kB | 2.7/8.0 kBProgress (4): 446/810 kB | 69/182 kB | 14 kB | 2.7/8.0 kBProgress (4): 446/810 kB | 71/182 kB | 14 kB | 2.7/8.0 kBProgress (4): 450/810 kB | 71/182 kB | 14 kB | 2.7/8.0 kBProgress (4): 450/810 kB | 74/182 kB | 14 kB | 2.7/8.0 kBProgress (4): 450/810 kB | 74/182 kB | 14 kB | 5.5/8.0 kBProgress (4): 450/810 kB | 77/182 kB | 14 kB | 5.5/8.0 kBProgress (4): 450/810 kB | 77/182 kB | 14 kB | 8.0 kB    Progress (4): 450/810 kB | 80/182 kB | 14 kB | 8.0 kBProgress (4): 454/810 kB | 80/182 kB | 14 kB | 8.0 kBProgress (4): 458/810 kB | 80/182 kB | 14 kB | 8.0 kBProgress (4): 462/810 kB | 80/182 kB | 14 kB | 8.0 kBProgress (4): 462/810 kB | 82/182 kB | 14 kB | 8.0 kBProgress (4): 466/810 kB | 82/182 kB | 14 kB | 8.0 kBProgress (4): 470/810 kB | 82/182 kB | 14 kB | 8.0 kBProgress (4): 474/810 kB | 82/182 kB | 14 kB | 8.0 kBProgress (4): 478/810 kB | 82/182 kB | 14 kB | 8.0 kBProgress (4): 482/810 kB | 82/182 kB | 14 kB | 8.0 kBProgress (4): 482/810 kB | 85/182 kB | 14 kB | 8.0 kBProgress (4): 482/810 kB | 88/182 kB | 14 kB | 8.0 kBProgress (4): 487/810 kB | 88/182 kB | 14 kB | 8.0 kBProgress (4): 491/810 kB | 88/182 kB | 14 kB | 8.0 kBProgress (4): 495/810 kB | 88/182 kB | 14 kB | 8.0 kBProgress (4): 499/810 kB | 88/182 kB | 14 kB | 8.0 kBProgress (4): 499/810 kB | 90/182 kB | 14 kB | 8.0 kBProgress (4): 499/810 kB | 93/182 kB | 14 kB | 8.0 kBProgress (4): 499/810 kB | 96/182 kB | 14 kB | 8.0 kBProgress (4): 499/810 kB | 99/182 kB | 14 kB | 8.0 kBProgress (4): 499/810 kB | 101/182 kB | 14 kB | 8.0 kBProgress (4): 503/810 kB | 101/182 kB | 14 kB | 8.0 kBProgress (4): 507/810 kB | 101/182 kB | 14 kB | 8.0 kBProgress (4): 511/810 kB | 101/182 kB | 14 kB | 8.0 kBProgress (4): 511/810 kB | 104/182 kB | 14 kB | 8.0 kBProgress (4): 511/810 kB | 107/182 kB | 14 kB | 8.0 kBProgress (4): 511/810 kB | 110/182 kB | 14 kB | 8.0 kBProgress (4): 515/810 kB | 110/182 kB | 14 kB | 8.0 kBProgress (4): 519/810 kB | 110/182 kB | 14 kB | 8.0 kBProgress (4): 523/810 kB | 110/182 kB | 14 kB | 8.0 kBProgress (4): 527/810 kB | 110/182 kB | 14 kB | 8.0 kBProgress (4): 527/810 kB | 112/182 kB | 14 kB | 8.0 kBProgress (4): 527/810 kB | 115/182 kB | 14 kB | 8.0 kBProgress (4): 527/810 kB | 118/182 kB | 14 kB | 8.0 kBProgress (4): 527/810 kB | 121/182 kB | 14 kB | 8.0 kBProgress (5): 527/810 kB | 121/182 kB | 14 kB | 8.0 kB | 2.7/17 kBProgress (5): 527/810 kB | 121/182 kB | 14 kB | 8.0 kB | 5.5/17 kBProgress (5): 532/810 kB | 121/182 kB | 14 kB | 8.0 kB | 5.5/17 kBProgress (5): 536/810 kB | 121/182 kB | 14 kB | 8.0 kB | 5.5/17 kBProgress (5): 540/810 kB | 121/182 kB | 14 kB | 8.0 kB | 5.5/17 kBProgress (5): 544/810 kB | 121/182 kB | 14 kB | 8.0 kB | 5.5/17 kBProgress (5): 548/810 kB | 121/182 kB | 14 kB | 8.0 kB | 5.5/17 kBProgress (5): 552/810 kB | 121/182 kB | 14 kB | 8.0 kB | 5.5/17 kBProgress (5): 556/810 kB | 121/182 kB | 14 kB | 8.0 kB | 5.5/17 kBProgress (5): 556/810 kB | 123/182 kB | 14 kB | 8.0 kB | 5.5/17 kBProgress (5): 556/810 kB | 126/182 kB | 14 kB | 8.0 kB | 5.5/17 kBProgress (5): 556/810 kB | 129/182 kB | 14 kB | 8.0 kB | 5.5/17 kBProgress (5): 556/810 kB | 132/182 kB | 14 kB | 8.0 kB | 5.5/17 kBProgress (5): 556/810 kB | 134/182 kB | 14 kB | 8.0 kB | 5.5/17 kBProgress (5): 556/810 kB | 134/182 kB | 14 kB | 8.0 kB | 8.2/17 kBProgress (5): 556/810 kB | 137/182 kB | 14 kB | 8.0 kB | 8.2/17 kBProgress (5): 556/810 kB | 137/182 kB | 14 kB | 8.0 kB | 11/17 kB Progress (5): 560/810 kB | 137/182 kB | 14 kB | 8.0 kB | 11/17 kBProgress (5): 560/810 kB | 137/182 kB | 14 kB | 8.0 kB | 14/17 kBProgress (5): 560/810 kB | 137/182 kB | 14 kB | 8.0 kB | 16/17 kBProgress (5): 564/810 kB | 137/182 kB | 14 kB | 8.0 kB | 16/17 kB                                                                 Downloaded from central: https://repo.maven.apache.org/maven2/org/seleniumhq/selenium/selenium-chrome-driver/3.141.59/selenium-chrome-driver-3.141.59.jar (14 kB at 40 kB/s)
Downloading from central: https://repo.maven.apache.org/maven2/org/seleniumhq/selenium/selenium-opera-driver/3.141.59/selenium-opera-driver-3.141.59.jar
Progress (4): 568/810 kB | 137/182 kB | 8.0 kB | 16/17 kBProgress (4): 568/810 kB | 137/182 kB | 8.0 kB | 17 kB   Progress (4): 568/810 kB | 140/182 kB | 8.0 kB | 17 kBProgress (4): 568/810 kB | 143/182 kB | 8.0 kB | 17 kBProgress (4): 568/810 kB | 145/182 kB | 8.0 kB | 17 kBProgress (4): 573/810 kB | 145/182 kB | 8.0 kB | 17 kBProgress (4): 573/810 kB | 148/182 kB | 8.0 kB | 17 kBProgress (4): 577/810 kB | 148/182 kB | 8.0 kB | 17 kBProgress (4): 577/810 kB | 151/182 kB | 8.0 kB | 17 kBProgress (4): 577/810 kB | 154/182 kB | 8.0 kB | 17 kBProgress (4): 577/810 kB | 156/182 kB | 8.0 kB | 17 kBProgress (4): 581/810 kB | 156/182 kB | 8.0 kB | 17 kBProgress (4): 581/810 kB | 159/182 kB | 8.0 kB | 17 kBProgress (4): 585/810 kB | 159/182 kB | 8.0 kB | 17 kBProgress (4): 585/810 kB | 162/182 kB | 8.0 kB | 17 kBProgress (4): 589/810 kB | 162/182 kB | 8.0 kB | 17 kB                                                      Downloaded from central: https://repo.maven.apache.org/maven2/org/seleniumhq/selenium/selenium-edge-driver/3.141.59/selenium-edge-driver-3.141.59.jar (8.0 kB at 23 kB/s)
Progress (3): 589/810 kB | 165/182 kB | 17 kB                                             Downloading from central: https://repo.maven.apache.org/maven2/org/seleniumhq/selenium/selenium-remote-driver/3.141.59/selenium-remote-driver-3.141.59.jar
Progress (3): 589/810 kB | 167/182 kB | 17 kBProgress (3): 593/810 kB | 167/182 kB | 17 kBProgress (3): 593/810 kB | 170/182 kB | 17 kBProgress (3): 593/810 kB | 173/182 kB | 17 kBProgress (3): 597/810 kB | 173/182 kB | 17 kBProgress (3): 597/810 kB | 175/182 kB | 17 kBProgress (3): 601/810 kB | 175/182 kB | 17 kBProgress (3): 601/810 kB | 178/182 kB | 17 kBProgress (3): 605/810 kB | 178/182 kB | 17 kBProgress (3): 605/810 kB | 181/182 kB | 17 kBProgress (3): 609/810 kB | 181/182 kB | 17 kBProgress (3): 609/810 kB | 182 kB | 17 kB    Progress (3): 613/810 kB | 182 kB | 17 kBProgress (3): 618/810 kB | 182 kB | 17 kBProgress (3): 622/810 kB | 182 kB | 17 kBProgress (3): 626/810 kB | 182 kB | 17 kBProgress (3): 630/810 kB | 182 kB | 17 kBProgress (3): 634/810 kB | 182 kB | 17 kBProgress (3): 638/810 kB | 182 kB | 17 kBProgress (3): 642/810 kB | 182 kB | 17 kBProgress (3): 646/810 kB | 182 kB | 17 kBProgress (3): 650/810 kB | 182 kB | 17 kBProgress (3): 654/810 kB | 182 kB | 17 kBProgress (3): 659/810 kB | 182 kB | 17 kBProgress (3): 663/810 kB | 182 kB | 17 kBProgress (3): 667/810 kB | 182 kB | 17 kBProgress (3): 671/810 kB | 182 kB | 17 kBProgress (3): 675/810 kB | 182 kB | 17 kBProgress (3): 679/810 kB | 182 kB | 17 kBProgress (3): 683/810 kB | 182 kB | 17 kBProgress (3): 687/810 kB | 182 kB | 17 kBProgress (3): 691/810 kB | 182 kB | 17 kBProgress (3): 695/810 kB | 182 kB | 17 kBProgress (3): 699/810 kB | 182 kB | 17 kBProgress (3): 704/810 kB | 182 kB | 17 kBProgress (3): 708/810 kB | 182 kB | 17 kBProgress (3): 712/810 kB | 182 kB | 17 kBProgress (3): 716/810 kB | 182 kB | 17 kBProgress (3): 720/810 kB | 182 kB | 17 kBProgress (3): 724/810 kB | 182 kB | 17 kBProgress (3): 728/810 kB | 182 kB | 17 kBProgress (4): 728/810 kB | 182 kB | 17 kB | 2.7/11 kBProgress (4): 730/810 kB | 182 kB | 17 kB | 2.7/11 kBProgress (4): 734/810 kB | 182 kB | 17 kB | 2.7/11 kBProgress (4): 739/810 kB | 182 kB | 17 kB | 2.7/11 kBProgress (4): 743/810 kB | 182 kB | 17 kB | 2.7/11 kBProgress (4): 743/810 kB | 182 kB | 17 kB | 5.5/11 kBProgress (4): 747/810 kB | 182 kB | 17 kB | 5.5/11 kBProgress (4): 751/810 kB | 182 kB | 17 kB | 5.5/11 kBProgress (4): 755/810 kB | 182 kB | 17 kB | 5.5/11 kBProgress (4): 759/810 kB | 182 kB | 17 kB | 5.5/11 kBProgress (4): 763/810 kB | 182 kB | 17 kB | 5.5/11 kBProgress (4): 763/810 kB | 182 kB | 17 kB | 8.2/11 kBProgress (4): 763/810 kB | 182 kB | 17 kB | 11 kB    Progress (4): 767/810 kB | 182 kB | 17 kB | 11 kB                                                 Downloaded from central: https://repo.maven.apache.org/maven2/org/seleniumhq/selenium/selenium-ie-driver/3.141.59/selenium-ie-driver-3.141.59.jar (17 kB at 44 kB/s)
Downloading from central: https://repo.maven.apache.org/maven2/org/seleniumhq/selenium/selenium-safari-driver/3.141.59/selenium-safari-driver-3.141.59.jar
Progress (3): 771/810 kB | 182 kB | 11 kBProgress (3): 775/810 kB | 182 kB | 11 kBProgress (3): 779/810 kB | 182 kB | 11 kBProgress (3): 784/810 kB | 182 kB | 11 kBProgress (3): 788/810 kB | 182 kB | 11 kBProgress (3): 792/810 kB | 182 kB | 11 kBProgress (3): 796/810 kB | 182 kB | 11 kBProgress (3): 800/810 kB | 182 kB | 11 kBProgress (3): 804/810 kB | 182 kB | 11 kBProgress (3): 808/810 kB | 182 kB | 11 kBProgress (3): 810 kB | 182 kB | 11 kB                                         Downloaded from central: https://repo.maven.apache.org/maven2/org/seleniumhq/selenium/selenium-api/3.141.59/selenium-api-3.141.59.jar (182 kB at 456 kB/s)
Downloading from central: https://repo.maven.apache.org/maven2/org/seleniumhq/selenium/selenium-support/3.141.59/selenium-support-3.141.59.jar
Progress (3): 810 kB | 11 kB | 2.7/334 kBProgress (3): 810 kB | 11 kB | 5.5/334 kBProgress (3): 810 kB | 11 kB | 8.2/334 kBProgress (3): 810 kB | 11 kB | 11/334 kB Progress (3): 810 kB | 11 kB | 14/334 kBProgress (3): 810 kB | 11 kB | 16/334 kBProgress (3): 810 kB | 11 kB | 19/334 kBProgress (3): 810 kB | 11 kB | 22/334 kBProgress (3): 810 kB | 11 kB | 25/334 kBProgress (3): 810 kB | 11 kB | 27/334 kBProgress (3): 810 kB | 11 kB | 30/334 kBProgress (4): 810 kB | 11 kB | 30/334 kB | 2.7/16 kB                                                    Downloaded from central: https://repo.maven.apache.org/maven2/org/seleniumhq/selenium/selenium-opera-driver/3.141.59/selenium-opera-driver-3.141.59.jar (11 kB at 25 kB/s)
Downloading from central: https://repo.maven.apache.org/maven2/org/apache/commons/commons-exec/1.3/commons-exec-1.3.jar
Progress (3): 810 kB | 33/334 kB | 2.7/16 kBProgress (4): 810 kB | 33/334 kB | 2.7/16 kB | 2.7/151 kBProgress (4): 810 kB | 33/334 kB | 5.5/16 kB | 2.7/151 kBProgress (4): 810 kB | 33/334 kB | 5.5/16 kB | 5.5/151 kBProgress (4): 810 kB | 33/334 kB | 5.5/16 kB | 8.2/151 kBProgress (4): 810 kB | 33/334 kB | 5.5/16 kB | 11/151 kB Progress (4): 810 kB | 33/334 kB | 5.5/16 kB | 14/151 kBProgress (4): 810 kB | 33/334 kB | 5.5/16 kB | 16/151 kBProgress (4): 810 kB | 36/334 kB | 5.5/16 kB | 16/151 kBProgress (4): 810 kB | 36/334 kB | 8.2/16 kB | 16/151 kB                                                        Downloaded from central: https://repo.maven.apache.org/maven2/org/seleniumhq/selenium/selenium-firefox-driver/3.141.59/selenium-firefox-driver-3.141.59.jar (810 kB at 1.9 MB/s)
Downloading from central: https://repo.maven.apache.org/maven2/com/google/guava/guava/25.0-jre/guava-25.0-jre.jar
Progress (3): 38/334 kB | 8.2/16 kB | 16/151 kBProgress (3): 38/334 kB | 8.2/16 kB | 19/151 kBProgress (3): 38/334 kB | 8.2/16 kB | 22/151 kBProgress (3): 38/334 kB | 8.2/16 kB | 25/151 kBProgress (3): 38/334 kB | 11/16 kB | 25/151 kB Progress (3): 38/334 kB | 11/16 kB | 27/151 kBProgress (3): 38/334 kB | 11/16 kB | 30/151 kBProgress (3): 38/334 kB | 11/16 kB | 33/151 kBProgress (3): 38/334 kB | 11/16 kB | 36/151 kBProgress (3): 38/334 kB | 11/16 kB | 38/151 kBProgress (3): 38/334 kB | 11/16 kB | 41/151 kBProgress (3): 38/334 kB | 11/16 kB | 44/151 kBProgress (3): 41/334 kB | 11/16 kB | 44/151 kBProgress (3): 41/334 kB | 11/16 kB | 47/151 kBProgress (3): 44/334 kB | 11/16 kB | 47/151 kBProgress (3): 44/334 kB | 11/16 kB | 49/151 kBProgress (3): 44/334 kB | 11/16 kB | 52/151 kBProgress (3): 44/334 kB | 14/16 kB | 52/151 kBProgress (3): 44/334 kB | 14/16 kB | 55/151 kBProgress (3): 44/334 kB | 14/16 kB | 58/151 kBProgress (3): 44/334 kB | 14/16 kB | 60/151 kBProgress (3): 44/334 kB | 14/16 kB | 63/151 kBProgress (3): 47/334 kB | 14/16 kB | 63/151 kBProgress (3): 47/334 kB | 16 kB | 63/151 kB   Progress (3): 47/334 kB | 16 kB | 66/151 kBProgress (3): 47/334 kB | 16 kB | 69/151 kBProgress (3): 47/334 kB | 16 kB | 71/151 kBProgress (3): 47/334 kB | 16 kB | 74/151 kBProgress (3): 47/334 kB | 16 kB | 77/151 kBProgress (3): 49/334 kB | 16 kB | 77/151 kBProgress (3): 49/334 kB | 16 kB | 80/151 kBProgress (3): 49/334 kB | 16 kB | 82/151 kBProgress (3): 49/334 kB | 16 kB | 85/151 kBProgress (3): 49/334 kB | 16 kB | 88/151 kBProgress (3): 49/334 kB | 16 kB | 90/151 kBProgress (3): 52/334 kB | 16 kB | 90/151 kBProgress (3): 52/334 kB | 16 kB | 93/151 kBProgress (3): 55/334 kB | 16 kB | 93/151 kBProgress (3): 55/334 kB | 16 kB | 96/151 kBProgress (3): 58/334 kB | 16 kB | 96/151 kBProgress (3): 58/334 kB | 16 kB | 99/151 kBProgress (3): 60/334 kB | 16 kB | 99/151 kBProgress (3): 60/334 kB | 16 kB | 101/151 kBProgress (3): 63/334 kB | 16 kB | 101/151 kBProgress (3): 63/334 kB | 16 kB | 104/151 kBProgress (3): 63/334 kB | 16 kB | 107/151 kBProgress (3): 63/334 kB | 16 kB | 110/151 kBProgress (3): 63/334 kB | 16 kB | 112/151 kBProgress (3): 63/334 kB | 16 kB | 115/151 kBProgress (3): 63/334 kB | 16 kB | 118/151 kBProgress (3): 66/334 kB | 16 kB | 118/151 kBProgress (3): 66/334 kB | 16 kB | 121/151 kBProgress (3): 69/334 kB | 16 kB | 121/151 kBProgress (3): 69/334 kB | 16 kB | 123/151 kBProgress (3): 71/334 kB | 16 kB | 123/151 kBProgress (3): 71/334 kB | 16 kB | 126/151 kBProgress (3): 74/334 kB | 16 kB | 126/151 kBProgress (3): 77/334 kB | 16 kB | 126/151 kBProgress (3): 80/334 kB | 16 kB | 126/151 kBProgress (3): 82/334 kB | 16 kB | 126/151 kBProgress (3): 85/334 kB | 16 kB | 126/151 kBProgress (3): 88/334 kB | 16 kB | 126/151 kBProgress (3): 90/334 kB | 16 kB | 126/151 kBProgress (3): 90/334 kB | 16 kB | 129/151 kBProgress (3): 90/334 kB | 16 kB | 132/151 kBProgress (3): 90/334 kB | 16 kB | 134/151 kBProgress (3): 90/334 kB | 16 kB | 137/151 kBProgress (3): 90/334 kB | 16 kB | 140/151 kBProgress (3): 90/334 kB | 16 kB | 143/151 kBProgress (3): 90/334 kB | 16 kB | 145/151 kBProgress (3): 90/334 kB | 16 kB | 148/151 kBProgress (3): 90/334 kB | 16 kB | 151/151 kBProgress (3): 90/334 kB | 16 kB | 151 kB    Progress (3): 93/334 kB | 16 kB | 151 kBProgress (3): 96/334 kB | 16 kB | 151 kBProgress (4): 96/334 kB | 16 kB | 151 kB | 0/2.7 MB                                                   Downloaded from central: https://repo.maven.apache.org/maven2/org/seleniumhq/selenium/selenium-safari-driver/3.141.59/selenium-safari-driver-3.141.59.jar (16 kB at 33 kB/s)
Downloading from central: https://repo.maven.apache.org/maven2/com/google/code/findbugs/jsr305/1.3.9/jsr305-1.3.9.jar
Progress (3): 96/334 kB | 151 kB | 0/2.7 MBProgress (3): 96/334 kB | 151 kB | 0/2.7 MBProgress (3): 96/334 kB | 151 kB | 0.1/2.7 MBProgress (3): 96/334 kB | 151 kB | 0.1/2.7 MBProgress (3): 96/334 kB | 151 kB | 0.1/2.7 MBProgress (4): 96/334 kB | 151 kB | 0.1/2.7 MB | 2.7/54 kBProgress (4): 96/334 kB | 151 kB | 0.1/2.7 MB | 5.5/54 kBProgress (4): 99/334 kB | 151 kB | 0.1/2.7 MB | 5.5/54 kBProgress (4): 99/334 kB | 151 kB | 0.1/2.7 MB | 8.2/54 kBProgress (4): 101/334 kB | 151 kB | 0.1/2.7 MB | 8.2/54 kBProgress (4): 101/334 kB | 151 kB | 0.1/2.7 MB | 11/54 kB Progress (4): 104/334 kB | 151 kB | 0.1/2.7 MB | 11/54 kBProgress (4): 104/334 kB | 151 kB | 0.1/2.7 MB | 14/54 kBProgress (4): 107/334 kB | 151 kB | 0.1/2.7 MB | 14/54 kBProgress (4): 107/334 kB | 151 kB | 0.1/2.7 MB | 16/54 kBProgress (4): 110/334 kB | 151 kB | 0.1/2.7 MB | 16/54 kBProgress (4): 110/334 kB | 151 kB | 0.1/2.7 MB | 19/54 kBProgress (4): 112/334 kB | 151 kB | 0.1/2.7 MB | 19/54 kBProgress (4): 112/334 kB | 151 kB | 0.1/2.7 MB | 22/54 kBProgress (4): 115/334 kB | 151 kB | 0.1/2.7 MB | 22/54 kBProgress (4): 115/334 kB | 151 kB | 0.1/2.7 MB | 25/54 kBProgress (4): 118/334 kB | 151 kB | 0.1/2.7 MB | 25/54 kBProgress (4): 118/334 kB | 151 kB | 0.1/2.7 MB | 27/54 kBProgress (4): 121/334 kB | 151 kB | 0.1/2.7 MB | 27/54 kBProgress (4): 121/334 kB | 151 kB | 0.1/2.7 MB | 30/54 kBProgress (4): 123/334 kB | 151 kB | 0.1/2.7 MB | 30/54 kBProgress (4): 126/334 kB | 151 kB | 0.1/2.7 MB | 30/54 kBProgress (4): 129/334 kB | 151 kB | 0.1/2.7 MB | 30/54 kBProgress (4): 129/334 kB | 151 kB | 0.1/2.7 MB | 33/54 kBProgress (4): 129/334 kB | 151 kB | 0.1/2.7 MB | 36/54 kBProgress (4): 129/334 kB | 151 kB | 0.1/2.7 MB | 38/54 kBProgress (4): 129/334 kB | 151 kB | 0.1/2.7 MB | 41/54 kBProgress (4): 129/334 kB | 151 kB | 0.1/2.7 MB | 44/54 kBProgress (4): 129/334 kB | 151 kB | 0.1/2.7 MB | 47/54 kBProgress (4): 129/334 kB | 151 kB | 0.1/2.7 MB | 49/54 kBProgress (4): 129/334 kB | 151 kB | 0.1/2.7 MB | 52/54 kBProgress (4): 132/334 kB | 151 kB | 0.1/2.7 MB | 52/54 kBProgress (4): 132/334 kB | 151 kB | 0.1/2.7 MB | 52/54 kBProgress (4): 134/334 kB | 151 kB | 0.1/2.7 MB | 52/54 kBProgress (4): 137/334 kB | 151 kB | 0.1/2.7 MB | 52/54 kBProgress (4): 137/334 kB | 151 kB | 0.1/2.7 MB | 54 kB   Progress (4): 140/334 kB | 151 kB | 0.1/2.7 MB | 54 kBProgress (4): 140/334 kB | 151 kB | 0.1/2.7 MB | 54 kBProgress (4): 143/334 kB | 151 kB | 0.1/2.7 MB | 54 kBProgress (4): 145/334 kB | 151 kB | 0.1/2.7 MB | 54 kBProgress (4): 145/334 kB | 151 kB | 0.1/2.7 MB | 54 kBProgress (4): 145/334 kB | 151 kB | 0.2/2.7 MB | 54 kBProgress (4): 145/334 kB | 151 kB | 0.2/2.7 MB | 54 kB                                                      Downloaded from central: https://repo.maven.apache.org/maven2/org/seleniumhq/selenium/selenium-support/3.141.59/selenium-support-3.141.59.jar (151 kB at 291 kB/s)
Downloading from central: https://repo.maven.apache.org/maven2/org/checkerframework/checker-compat-qual/2.0.0/checker-compat-qual-2.0.0.jar
Progress (3): 148/334 kB | 0.2/2.7 MB | 54 kBProgress (3): 148/334 kB | 0.2/2.7 MB | 54 kBProgress (3): 151/334 kB | 0.2/2.7 MB | 54 kBProgress (3): 154/334 kB | 0.2/2.7 MB | 54 kBProgress (3): 156/334 kB | 0.2/2.7 MB | 54 kBProgress (3): 159/334 kB | 0.2/2.7 MB | 54 kBProgress (3): 162/334 kB | 0.2/2.7 MB | 54 kBProgress (3): 165/334 kB | 0.2/2.7 MB | 54 kBProgress (3): 167/334 kB | 0.2/2.7 MB | 54 kBProgress (3): 170/334 kB | 0.2/2.7 MB | 54 kBProgress (3): 173/334 kB | 0.2/2.7 MB | 54 kBProgress (3): 175/334 kB | 0.2/2.7 MB | 54 kBProgress (3): 178/334 kB | 0.2/2.7 MB | 54 kBProgress (3): 181/334 kB | 0.2/2.7 MB | 54 kBProgress (3): 184/334 kB | 0.2/2.7 MB | 54 kBProgress (3): 186/334 kB | 0.2/2.7 MB | 54 kBProgress (3): 189/334 kB | 0.2/2.7 MB | 54 kBProgress (4): 189/334 kB | 0.2/2.7 MB | 54 kB | 2.7/33 kBProgress (4): 189/334 kB | 0.2/2.7 MB | 54 kB | 2.7/33 kBProgress (4): 192/334 kB | 0.2/2.7 MB | 54 kB | 2.7/33 kBProgress (4): 192/334 kB | 0.2/2.7 MB | 54 kB | 5.5/33 kBProgress (4): 192/334 kB | 0.2/2.7 MB | 54 kB | 5.5/33 kBProgress (4): 195/334 kB | 0.2/2.7 MB | 54 kB | 5.5/33 kBProgress (4): 195/334 kB | 0.2/2.7 MB | 54 kB | 8.2/33 kBProgress (4): 197/334 kB | 0.2/2.7 MB | 54 kB | 8.2/33 kBProgress (4): 197/334 kB | 0.2/2.7 MB | 54 kB | 11/33 kB Progress (4): 197/334 kB | 0.2/2.7 MB | 54 kB | 11/33 kBProgress (4): 200/334 kB | 0.2/2.7 MB | 54 kB | 11/33 kBProgress (4): 200/334 kB | 0.2/2.7 MB | 54 kB | 14/33 kBProgress (4): 203/334 kB | 0.2/2.7 MB | 54 kB | 14/33 kBProgress (4): 203/334 kB | 0.2/2.7 MB | 54 kB | 16/33 kBProgress (4): 203/334 kB | 0.3/2.7 MB | 54 kB | 16/33 kBProgress (4): 206/334 kB | 0.3/2.7 MB | 54 kB | 16/33 kBProgress (4): 208/334 kB | 0.3/2.7 MB | 54 kB | 16/33 kBProgress (4): 211/334 kB | 0.3/2.7 MB | 54 kB | 16/33 kBProgress (4): 214/334 kB | 0.3/2.7 MB | 54 kB | 16/33 kBProgress (4): 217/334 kB | 0.3/2.7 MB | 54 kB | 16/33 kBProgress (4): 219/334 kB | 0.3/2.7 MB | 54 kB | 16/33 kBProgress (4): 219/334 kB | 0.3/2.7 MB | 54 kB | 19/33 kBProgress (4): 219/334 kB | 0.3/2.7 MB | 54 kB | 19/33 kBProgress (4): 222/334 kB | 0.3/2.7 MB | 54 kB | 19/33 kBProgress (4): 222/334 kB | 0.3/2.7 MB | 54 kB | 22/33 kBProgress (4): 225/334 kB | 0.3/2.7 MB | 54 kB | 22/33 kBProgress (4): 225/334 kB | 0.3/2.7 MB | 54 kB | 22/33 kBProgress (4): 225/334 kB | 0.3/2.7 MB | 54 kB | 25/33 kBProgress (4): 228/334 kB | 0.3/2.7 MB | 54 kB | 25/33 kBProgress (4): 228/334 kB | 0.3/2.7 MB | 54 kB | 27/33 kBProgress (4): 230/334 kB | 0.3/2.7 MB | 54 kB | 27/33 kBProgress (4): 230/334 kB | 0.3/2.7 MB | 54 kB | 30/33 kBProgress (4): 233/334 kB | 0.3/2.7 MB | 54 kB | 30/33 kBProgress (4): 236/334 kB | 0.3/2.7 MB | 54 kB | 30/33 kBProgress (4): 236/334 kB | 0.3/2.7 MB | 54 kB | 33/33 kBProgress (4): 236/334 kB | 0.3/2.7 MB | 54 kB | 33 kB   Progress (5): 236/334 kB | 0.3/2.7 MB | 54 kB | 33 kB | 4.1/32 kBProgress (5): 236/334 kB | 0.3/2.7 MB | 54 kB | 33 kB | 8.2/32 kBProgress (5): 236/334 kB | 0.3/2.7 MB | 54 kB | 33 kB | 12/32 kB Progress (5): 236/334 kB | 0.3/2.7 MB | 54 kB | 33 kB | 16/32 kB                                                                Downloaded from central: https://repo.maven.apache.org/maven2/org/apache/commons/commons-exec/1.3/commons-exec-1.3.jar (54 kB at 98 kB/s)
Progress (4): 236/334 kB | 0.3/2.7 MB | 33 kB | 20/32 kB                                                        Downloading from central: https://repo.maven.apache.org/maven2/com/google/errorprone/error_prone_annotations/2.1.3/error_prone_annotations-2.1.3.jar
Progress (4): 236/334 kB | 0.3/2.7 MB | 33 kB | 25/32 kBProgress (4): 236/334 kB | 0.3/2.7 MB | 33 kB | 29/32 kBProgress (4): 236/334 kB | 0.3/2.7 MB | 33 kB | 32 kB   Progress (4): 236/334 kB | 0.3/2.7 MB | 33 kB | 32 kBProgress (4): 236/334 kB | 0.3/2.7 MB | 33 kB | 32 kBProgress (4): 236/334 kB | 0.3/2.7 MB | 33 kB | 32 kBProgress (4): 236/334 kB | 0.4/2.7 MB | 33 kB | 32 kBProgress (4): 236/334 kB | 0.4/2.7 MB | 33 kB | 32 kBProgress (4): 236/334 kB | 0.4/2.7 MB | 33 kB | 32 kBProgress (4): 236/334 kB | 0.4/2.7 MB | 33 kB | 32 kBProgress (4): 236/334 kB | 0.4/2.7 MB | 33 kB | 32 kBProgress (4): 236/334 kB | 0.4/2.7 MB | 33 kB | 32 kBProgress (4): 239/334 kB | 0.4/2.7 MB | 33 kB | 32 kBProgress (4): 241/334 kB | 0.4/2.7 MB | 33 kB | 32 kBProgress (4): 244/334 kB | 0.4/2.7 MB | 33 kB | 32 kBProgress (4): 247/334 kB | 0.4/2.7 MB | 33 kB | 32 kBProgress (4): 250/334 kB | 0.4/2.7 MB | 33 kB | 32 kBProgress (4): 252/334 kB | 0.4/2.7 MB | 33 kB | 32 kBProgress (4): 255/334 kB | 0.4/2.7 MB | 33 kB | 32 kBProgress (4): 258/334 kB | 0.4/2.7 MB | 33 kB | 32 kBProgress (5): 258/334 kB | 0.4/2.7 MB | 33 kB | 32 kB | 2.7/14 kBProgress (5): 260/334 kB | 0.4/2.7 MB | 33 kB | 32 kB | 2.7/14 kB                                                                 Downloaded from central: https://repo.maven.apache.org/maven2/org/checkerframework/checker-compat-qual/2.0.0/checker-compat-qual-2.0.0.jar (32 kB at 52 kB/s)
Progress (4): 263/334 kB | 0.4/2.7 MB | 33 kB | 2.7/14 kBProgress (4): 263/334 kB | 0.4/2.7 MB | 33 kB | 5.5/14 kBProgress (4): 266/334 kB | 0.4/2.7 MB | 33 kB | 5.5/14 kB                                                         Downloading from central: https://repo.maven.apache.org/maven2/com/google/j2objc/j2objc-annotations/1.1/j2objc-annotations-1.1.jar
Progress (4): 269/334 kB | 0.4/2.7 MB | 33 kB | 5.5/14 kBProgress (4): 271/334 kB | 0.4/2.7 MB | 33 kB | 5.5/14 kBProgress (4): 274/334 kB | 0.4/2.7 MB | 33 kB | 5.5/14 kBProgress (4): 274/334 kB | 0.5/2.7 MB | 33 kB | 5.5/14 kBProgress (4): 274/334 kB | 0.5/2.7 MB | 33 kB | 5.5/14 kB                                                         Downloaded from central: https://repo.maven.apache.org/maven2/com/google/code/findbugs/jsr305/1.3.9/jsr305-1.3.9.jar (33 kB at 54 kB/s)
Progress (3): 274/334 kB | 0.5/2.7 MB | 8.2/14 kB                                                 Downloading from central: https://repo.maven.apache.org/maven2/org/codehaus/mojo/animal-sniffer-annotations/1.14/animal-sniffer-annotations-1.14.jar
Progress (3): 274/334 kB | 0.5/2.7 MB | 8.2/14 kBProgress (3): 277/334 kB | 0.5/2.7 MB | 8.2/14 kBProgress (3): 277/334 kB | 0.5/2.7 MB | 11/14 kB Progress (3): 280/334 kB | 0.5/2.7 MB | 11/14 kBProgress (3): 280/334 kB | 0.5/2.7 MB | 14 kB   Progress (3): 282/334 kB | 0.5/2.7 MB | 14 kBProgress (3): 285/334 kB | 0.5/2.7 MB | 14 kBProgress (3): 288/334 kB | 0.5/2.7 MB | 14 kBProgress (3): 288/334 kB | 0.5/2.7 MB | 14 kBProgress (3): 288/334 kB | 0.5/2.7 MB | 14 kBProgress (3): 291/334 kB | 0.5/2.7 MB | 14 kBProgress (3): 293/334 kB | 0.5/2.7 MB | 14 kBProgress (3): 296/334 kB | 0.5/2.7 MB | 14 kBProgress (3): 299/334 kB | 0.5/2.7 MB | 14 kBProgress (3): 302/334 kB | 0.5/2.7 MB | 14 kBProgress (3): 304/334 kB | 0.5/2.7 MB | 14 kBProgress (3): 307/334 kB | 0.5/2.7 MB | 14 kBProgress (3): 310/334 kB | 0.5/2.7 MB | 14 kBProgress (3): 313/334 kB | 0.5/2.7 MB | 14 kBProgress (3): 315/334 kB | 0.5/2.7 MB | 14 kBProgress (3): 318/334 kB | 0.5/2.7 MB | 14 kBProgress (3): 321/334 kB | 0.5/2.7 MB | 14 kBProgress (3): 324/334 kB | 0.5/2.7 MB | 14 kBProgress (3): 326/334 kB | 0.5/2.7 MB | 14 kBProgress (3): 329/334 kB | 0.5/2.7 MB | 14 kBProgress (3): 332/334 kB | 0.5/2.7 MB | 14 kBProgress (3): 334 kB | 0.5/2.7 MB | 14 kB    Progress (3): 334 kB | 0.5/2.7 MB | 14 kBProgress (3): 334 kB | 0.6/2.7 MB | 14 kBProgress (3): 334 kB | 0.6/2.7 MB | 14 kBProgress (3): 334 kB | 0.6/2.7 MB | 14 kBProgress (3): 334 kB | 0.6/2.7 MB | 14 kBProgress (3): 334 kB | 0.6/2.7 MB | 14 kBProgress (3): 334 kB | 0.6/2.7 MB | 14 kBProgress (4): 334 kB | 0.6/2.7 MB | 14 kB | 3.5 kB                                                  Downloaded from central: https://repo.maven.apache.org/maven2/com/google/errorprone/error_prone_annotations/2.1.3/error_prone_annotations-2.1.3.jar (14 kB at 21 kB/s)
Downloading from central: https://repo.maven.apache.org/maven2/com/squareup/okhttp3/okhttp/3.14.6/okhttp-3.14.6.jar
Progress (4): 334 kB | 0.6/2.7 MB | 3.5 kB | 2.7/8.8 kBProgress (4): 334 kB | 0.6/2.7 MB | 3.5 kB | 5.5/8.8 kBProgress (4): 334 kB | 0.6/2.7 MB | 3.5 kB | 8.2/8.8 kBProgress (4): 334 kB | 0.6/2.7 MB | 3.5 kB | 8.8 kB    Progress (4): 334 kB | 0.7/2.7 MB | 3.5 kB | 8.8 kBProgress (4): 334 kB | 0.7/2.7 MB | 3.5 kB | 8.8 kB                                                   Downloaded from central: https://repo.maven.apache.org/maven2/org/seleniumhq/selenium/selenium-remote-driver/3.141.59/selenium-remote-driver-3.141.59.jar (334 kB at 503 kB/s)
Progress (3): 0.7/2.7 MB | 3.5 kB | 8.8 kB                                          Downloading from central: https://repo.maven.apache.org/maven2/com/squareup/okio/okio/1.14.0/okio-1.14.0.jar
Progress (3): 0.7/2.7 MB | 3.5 kB | 8.8 kBProgress (3): 0.7/2.7 MB | 3.5 kB | 8.8 kBProgress (3): 0.7/2.7 MB | 3.5 kB | 8.8 kBProgress (3): 0.7/2.7 MB | 3.5 kB | 8.8 kBProgress (3): 0.8/2.7 MB | 3.5 kB | 8.8 kB                                          Downloaded from central: https://repo.maven.apache.org/maven2/com/google/j2objc/j2objc-annotations/1.1/j2objc-annotations-1.1.jar (8.8 kB at 13 kB/s)
Progress (3): 0.8/2.7 MB | 3.5 kB | 4.1/428 kBProgress (3): 0.8/2.7 MB | 3.5 kB | 8.2/428 kBProgress (3): 0.8/2.7 MB | 3.5 kB | 12/428 kB Progress (3): 0.8/2.7 MB | 3.5 kB | 16/428 kBProgress (3): 0.8/2.7 MB | 3.5 kB | 20/428 kBProgress (3): 0.8/2.7 MB | 3.5 kB | 25/428 kBProgress (3): 0.8/2.7 MB | 3.5 kB | 29/428 kBProgress (3): 0.8/2.7 MB | 3.5 kB | 33/428 kBProgress (3): 0.8/2.7 MB | 3.5 kB | 37/428 kBProgress (3): 0.8/2.7 MB | 3.5 kB | 41/428 kBProgress (3): 0.8/2.7 MB | 3.5 kB | 45/428 kBProgress (3): 0.8/2.7 MB | 3.5 kB | 49/428 kBProgress (3): 0.8/2.7 MB | 3.5 kB | 53/428 kBProgress (3): 0.8/2.7 MB | 3.5 kB | 57/428 kBProgress (3): 0.8/2.7 MB | 3.5 kB | 61/428 kBProgress (3): 0.8/2.7 MB | 3.5 kB | 66/428 kBProgress (3): 0.8/2.7 MB | 3.5 kB | 70/428 kBProgress (3): 0.8/2.7 MB | 3.5 kB | 74/428 kBProgress (3): 0.8/2.7 MB | 3.5 kB | 78/428 kBProgress (3): 0.8/2.7 MB | 3.5 kB | 82/428 kBProgress (3): 0.8/2.7 MB | 3.5 kB | 86/428 kBProgress (3): 0.8/2.7 MB | 3.5 kB | 90/428 kBProgress (3): 0.8/2.7 MB | 3.5 kB | 94/428 kBProgress (3): 0.8/2.7 MB | 3.5 kB | 98/428 kBProgress (3): 0.8/2.7 MB | 3.5 kB | 102/428 kBProgress (3): 0.8/2.7 MB | 3.5 kB | 106/428 kBProgress (3): 0.8/2.7 MB | 3.5 kB | 111/428 kBProgress (3): 0.8/2.7 MB | 3.5 kB | 115/428 kB                                              Downloaded from central: https://repo.maven.apache.org/maven2/org/codehaus/mojo/animal-sniffer-annotations/1.14/animal-sniffer-annotations-1.14.jar (3.5 kB at 5.0 kB/s)
Progress (2): 0.8/2.7 MB | 115/428 kBProgress (2): 0.8/2.7 MB | 115/428 kBProgress (2): 0.8/2.7 MB | 115/428 kBProgress (2): 0.8/2.7 MB | 119/428 kBProgress (2): 0.8/2.7 MB | 123/428 kBProgress (2): 0.8/2.7 MB | 127/428 kBProgress (2): 0.8/2.7 MB | 131/428 kBProgress (2): 0.8/2.7 MB | 135/428 kBProgress (2): 0.8/2.7 MB | 139/428 kBProgress (2): 0.8/2.7 MB | 143/428 kBProgress (2): 0.8/2.7 MB | 147/428 kBProgress (2): 0.8/2.7 MB | 147/428 kBProgress (2): 0.8/2.7 MB | 152/428 kBProgress (2): 0.8/2.7 MB | 156/428 kBProgress (2): 0.8/2.7 MB | 160/428 kBProgress (2): 0.8/2.7 MB | 164/428 kBProgress (2): 0.8/2.7 MB | 164/428 kBProgress (2): 0.8/2.7 MB | 168/428 kBProgress (2): 0.8/2.7 MB | 172/428 kBProgress (2): 0.8/2.7 MB | 176/428 kBProgress (2): 0.8/2.7 MB | 180/428 kBProgress (2): 0.8/2.7 MB | 184/428 kBProgress (2): 0.8/2.7 MB | 188/428 kBProgress (2): 0.8/2.7 MB | 193/428 kBProgress (2): 0.8/2.7 MB | 197/428 kBProgress (2): 0.9/2.7 MB | 197/428 kBProgress (2): 0.9/2.7 MB | 201/428 kBProgress (2): 0.9/2.7 MB | 205/428 kBProgress (3): 0.9/2.7 MB | 205/428 kB | 4.1/86 kBProgress (3): 0.9/2.7 MB | 209/428 kB | 4.1/86 kBProgress (3): 0.9/2.7 MB | 209/428 kB | 8.2/86 kBProgress (3): 0.9/2.7 MB | 213/428 kB | 8.2/86 kBProgress (3): 0.9/2.7 MB | 217/428 kB | 8.2/86 kBProgress (3): 0.9/2.7 MB | 221/428 kB | 8.2/86 kBProgress (3): 0.9/2.7 MB | 225/428 kB | 8.2/86 kBProgress (3): 0.9/2.7 MB | 229/428 kB | 8.2/86 kBProgress (3): 0.9/2.7 MB | 233/428 kB | 8.2/86 kBProgress (3): 0.9/2.7 MB | 238/428 kB | 8.2/86 kBProgress (3): 0.9/2.7 MB | 242/428 kB | 8.2/86 kBProgress (3): 0.9/2.7 MB | 246/428 kB | 8.2/86 kBProgress (3): 0.9/2.7 MB | 250/428 kB | 8.2/86 kBProgress (3): 0.9/2.7 MB | 254/428 kB | 8.2/86 kBProgress (3): 0.9/2.7 MB | 258/428 kB | 8.2/86 kBProgress (3): 0.9/2.7 MB | 262/428 kB | 8.2/86 kBProgress (3): 0.9/2.7 MB | 262/428 kB | 12/86 kB Progress (3): 0.9/2.7 MB | 262/428 kB | 16/86 kBProgress (3): 0.9/2.7 MB | 262/428 kB | 16/86 kBProgress (3): 0.9/2.7 MB | 262/428 kB | 20/86 kBProgress (3): 0.9/2.7 MB | 262/428 kB | 25/86 kBProgress (3): 0.9/2.7 MB | 262/428 kB | 29/86 kBProgress (3): 0.9/2.7 MB | 262/428 kB | 33/86 kBProgress (3): 0.9/2.7 MB | 266/428 kB | 33/86 kBProgress (3): 0.9/2.7 MB | 270/428 kB | 33/86 kBProgress (3): 0.9/2.7 MB | 274/428 kB | 33/86 kBProgress (3): 0.9/2.7 MB | 279/428 kB | 33/86 kBProgress (3): 0.9/2.7 MB | 283/428 kB | 33/86 kBProgress (3): 0.9/2.7 MB | 283/428 kB | 33/86 kBProgress (3): 0.9/2.7 MB | 287/428 kB | 33/86 kBProgress (3): 0.9/2.7 MB | 291/428 kB | 33/86 kBProgress (3): 0.9/2.7 MB | 295/428 kB | 33/86 kBProgress (3): 0.9/2.7 MB | 295/428 kB | 37/86 kBProgress (3): 0.9/2.7 MB | 295/428 kB | 41/86 kBProgress (3): 0.9/2.7 MB | 295/428 kB | 45/86 kBProgress (3): 0.9/2.7 MB | 295/428 kB | 49/86 kBProgress (3): 0.9/2.7 MB | 299/428 kB | 49/86 kBProgress (3): 0.9/2.7 MB | 303/428 kB | 49/86 kBProgress (3): 0.9/2.7 MB | 307/428 kB | 49/86 kBProgress (3): 0.9/2.7 MB | 307/428 kB | 49/86 kBProgress (3): 0.9/2.7 MB | 311/428 kB | 49/86 kBProgress (3): 0.9/2.7 MB | 315/428 kB | 49/86 kBProgress (3): 0.9/2.7 MB | 319/428 kB | 49/86 kBProgress (3): 0.9/2.7 MB | 324/428 kB | 49/86 kBProgress (3): 0.9/2.7 MB | 328/428 kB | 49/86 kBProgress (3): 0.9/2.7 MB | 332/428 kB | 49/86 kBProgress (3): 0.9/2.7 MB | 336/428 kB | 49/86 kBProgress (3): 0.9/2.7 MB | 340/428 kB | 49/86 kBProgress (3): 0.9/2.7 MB | 344/428 kB | 49/86 kBProgress (3): 0.9/2.7 MB | 348/428 kB | 49/86 kBProgress (3): 0.9/2.7 MB | 352/428 kB | 49/86 kBProgress (3): 0.9/2.7 MB | 352/428 kB | 53/86 kBProgress (3): 0.9/2.7 MB | 352/428 kB | 53/86 kBProgress (3): 0.9/2.7 MB | 356/428 kB | 53/86 kBProgress (3): 0.9/2.7 MB | 356/428 kB | 57/86 kBProgress (3): 0.9/2.7 MB | 356/428 kB | 61/86 kBProgress (3): 0.9/2.7 MB | 356/428 kB | 66/86 kBProgress (3): 0.9/2.7 MB | 356/428 kB | 66/86 kBProgress (3): 0.9/2.7 MB | 360/428 kB | 66/86 kBProgress (3): 0.9/2.7 MB | 365/428 kB | 66/86 kBProgress (3): 0.9/2.7 MB | 369/428 kB | 66/86 kBProgress (3): 1.0/2.7 MB | 369/428 kB | 66/86 kBProgress (3): 1.0/2.7 MB | 373/428 kB | 66/86 kBProgress (3): 1.0/2.7 MB | 377/428 kB | 66/86 kBProgress (3): 1.0/2.7 MB | 381/428 kB | 66/86 kBProgress (3): 1.0/2.7 MB | 385/428 kB | 66/86 kBProgress (3): 1.0/2.7 MB | 389/428 kB | 66/86 kBProgress (3): 1.0/2.7 MB | 393/428 kB | 66/86 kBProgress (3): 1.0/2.7 MB | 397/428 kB | 66/86 kBProgress (3): 1.0/2.7 MB | 401/428 kB | 66/86 kBProgress (3): 1.0/2.7 MB | 406/428 kB | 66/86 kBProgress (3): 1.0/2.7 MB | 410/428 kB | 66/86 kBProgress (3): 1.0/2.7 MB | 410/428 kB | 70/86 kBProgress (3): 1.0/2.7 MB | 410/428 kB | 74/86 kBProgress (3): 1.0/2.7 MB | 410/428 kB | 78/86 kBProgress (3): 1.0/2.7 MB | 410/428 kB | 82/86 kBProgress (3): 1.0/2.7 MB | 414/428 kB | 82/86 kBProgress (3): 1.0/2.7 MB | 418/428 kB | 82/86 kBProgress (3): 1.0/2.7 MB | 422/428 kB | 82/86 kBProgress (3): 1.0/2.7 MB | 426/428 kB | 82/86 kBProgress (3): 1.0/2.7 MB | 426/428 kB | 86 kB   Progress (3): 1.0/2.7 MB | 426/428 kB | 86 kBProgress (3): 1.0/2.7 MB | 426/428 kB | 86 kBProgress (3): 1.0/2.7 MB | 428 kB | 86 kB    Progress (3): 1.0/2.7 MB | 428 kB | 86 kBProgress (3): 1.0/2.7 MB | 428 kB | 86 kBProgress (3): 1.0/2.7 MB | 428 kB | 86 kBProgress (3): 1.1/2.7 MB | 428 kB | 86 kBProgress (3): 1.1/2.7 MB | 428 kB | 86 kBProgress (3): 1.1/2.7 MB | 428 kB | 86 kBProgress (3): 1.1/2.7 MB | 428 kB | 86 kB                                         Downloaded from central: https://repo.maven.apache.org/maven2/com/squareup/okhttp3/okhttp/3.14.6/okhttp-3.14.6.jar (428 kB at 539 kB/s)
Progress (2): 1.1/2.7 MB | 86 kB                                Downloaded from central: https://repo.maven.apache.org/maven2/com/squareup/okio/okio/1.14.0/okio-1.14.0.jar (86 kB at 108 kB/s)
Progress (1): 1.1/2.7 MBProgress (1): 1.2/2.7 MBProgress (1): 1.2/2.7 MBProgress (1): 1.2/2.7 MBProgress (1): 1.2/2.7 MBProgress (1): 1.2/2.7 MBProgress (1): 1.2/2.7 MBProgress (1): 1.3/2.7 MBProgress (1): 1.3/2.7 MBProgress (1): 1.3/2.7 MBProgress (1): 1.3/2.7 MBProgress (1): 1.3/2.7 MBProgress (1): 1.3/2.7 MBProgress (1): 1.4/2.7 MBProgress (1): 1.4/2.7 MBProgress (1): 1.4/2.7 MBProgress (1): 1.4/2.7 MBProgress (1): 1.4/2.7 MBProgress (1): 1.4/2.7 MBProgress (1): 1.5/2.7 MBProgress (1): 1.5/2.7 MBProgress (1): 1.5/2.7 MBProgress (1): 1.5/2.7 MBProgress (1): 1.5/2.7 MBProgress (1): 1.5/2.7 MBProgress (1): 1.6/2.7 MBProgress (1): 1.6/2.7 MBProgress (1): 1.6/2.7 MBProgress (1): 1.6/2.7 MBProgress (1): 1.6/2.7 MBProgress (1): 1.6/2.7 MBProgress (1): 1.6/2.7 MBProgress (1): 1.7/2.7 MBProgress (1): 1.7/2.7 MBProgress (1): 1.7/2.7 MBProgress (1): 1.7/2.7 MBProgress (1): 1.7/2.7 MBProgress (1): 1.7/2.7 MBProgress (1): 1.8/2.7 MBProgress (1): 1.8/2.7 MBProgress (1): 1.8/2.7 MBProgress (1): 1.8/2.7 MBProgress (1): 1.8/2.7 MBProgress (1): 1.8/2.7 MBProgress (1): 1.9/2.7 MBProgress (1): 1.9/2.7 MBProgress (1): 1.9/2.7 MBProgress (1): 1.9/2.7 MBProgress (1): 1.9/2.7 MBProgress (1): 1.9/2.7 MBProgress (1): 2.0/2.7 MBProgress (1): 2.0/2.7 MBProgress (1): 2.0/2.7 MBProgress (1): 2.0/2.7 MBProgress (1): 2.0/2.7 MBProgress (1): 2.0/2.7 MBProgress (1): 2.1/2.7 MBProgress (1): 2.1/2.7 MBProgress (1): 2.1/2.7 MBProgress (1): 2.1/2.7 MBProgress (1): 2.1/2.7 MBProgress (1): 2.1/2.7 MBProgress (1): 2.2/2.7 MBProgress (1): 2.2/2.7 MBProgress (1): 2.2/2.7 MBProgress (1): 2.2/2.7 MBProgress (1): 2.2/2.7 MBProgress (1): 2.2/2.7 MBProgress (1): 2.3/2.7 MBProgress (1): 2.3/2.7 MBProgress (1): 2.3/2.7 MBProgress (1): 2.3/2.7 MBProgress (1): 2.3/2.7 MBProgress (1): 2.3/2.7 MBProgress (1): 2.3/2.7 MBProgress (1): 2.4/2.7 MBProgress (1): 2.4/2.7 MBProgress (1): 2.4/2.7 MBProgress (1): 2.4/2.7 MBProgress (1): 2.4/2.7 MBProgress (1): 2.4/2.7 MBProgress (1): 2.5/2.7 MBProgress (1): 2.5/2.7 MBProgress (1): 2.5/2.7 MBProgress (1): 2.5/2.7 MBProgress (1): 2.5/2.7 MBProgress (1): 2.5/2.7 MBProgress (1): 2.6/2.7 MBProgress (1): 2.6/2.7 MBProgress (1): 2.6/2.7 MBProgress (1): 2.6/2.7 MBProgress (1): 2.6/2.7 MBProgress (1): 2.6/2.7 MBProgress (1): 2.7/2.7 MBProgress (1): 2.7/2.7 MBProgress (1): 2.7/2.7 MBProgress (1): 2.7/2.7 MBProgress (1): 2.7/2.7 MBProgress (1): 2.7/2.7 MBProgress (1): 2.7 MB                        Downloaded from central: https://repo.maven.apache.org/maven2/com/google/guava/guava/25.0-jre/guava-25.0-jre.jar (2.7 MB at 1.9 MB/s)
[INFO] 
[8mha:////4Ll567cBQo+Xk/VkVQUYJXPdRtymIgjGJOSdN9ct1TtxAAAAYB+LCAAAAAAAAP9b85aBtbiIQSmjNKU4P0+vJLE4u1gvPjexLDVPzxdEGvvmZ+X75Zek2mxOX+vh68DGxMBQUcQgBdWQnJ9XnJ+TqucMoUEKGSCAEaSwAAAn9LoiYAAAAA==[0m[INFO] --- maven-clean-plugin:3.1.0:clean (default-clean) @ panda ---
[INFO] Deleting /var/jenkins_home/workspace/Maven/target
[INFO] 
[8mha:////4Ll567cBQo+Xk/VkVQUYJXPdRtymIgjGJOSdN9ct1TtxAAAAYB+LCAAAAAAAAP9b85aBtbiIQSmjNKU4P0+vJLE4u1gvPjexLDVPzxdEGvvmZ+X75Zek2mxOX+vh68DGxMBQUcQgBdWQnJ9XnJ+TqucMoUEKGSCAEaSwAAAn9LoiYAAAAA==[0m[INFO] --- maven-resources-plugin:3.1.0:resources (default-resources) @ panda ---
[INFO] Using 'UTF-8' encoding to copy filtered resources.
[INFO] Copying 1 resource
[INFO] Copying 2 resources
[INFO] 
[8mha:////4Ll567cBQo+Xk/VkVQUYJXPdRtymIgjGJOSdN9ct1TtxAAAAYB+LCAAAAAAAAP9b85aBtbiIQSmjNKU4P0+vJLE4u1gvPjexLDVPzxdEGvvmZ+X75Zek2mxOX+vh68DGxMBQUcQgBdWQnJ9XnJ+TqucMoUEKGSCAEaSwAAAn9LoiYAAAAA==[0m[INFO] --- maven-compiler-plugin:3.8.1:compile (default-compile) @ panda ---
[INFO] Changes detected - recompiling the module!
[INFO] Compiling 2 source files to /var/jenkins_home/workspace/Maven/target/classes
[INFO] 
[8mha:////4Ll567cBQo+Xk/VkVQUYJXPdRtymIgjGJOSdN9ct1TtxAAAAYB+LCAAAAAAAAP9b85aBtbiIQSmjNKU4P0+vJLE4u1gvPjexLDVPzxdEGvvmZ+X75Zek2mxOX+vh68DGxMBQUcQgBdWQnJ9XnJ+TqucMoUEKGSCAEaSwAAAn9LoiYAAAAA==[0m[INFO] --- maven-compiler-plugin:3.8.1:compile (default) @ panda ---
[INFO] Changes detected - recompiling the module!
[INFO] Compiling 2 source files to /var/jenkins_home/workspace/Maven/target/classes
[INFO] 
[8mha:////4Ll567cBQo+Xk/VkVQUYJXPdRtymIgjGJOSdN9ct1TtxAAAAYB+LCAAAAAAAAP9b85aBtbiIQSmjNKU4P0+vJLE4u1gvPjexLDVPzxdEGvvmZ+X75Zek2mxOX+vh68DGxMBQUcQgBdWQnJ9XnJ+TqucMoUEKGSCAEaSwAAAn9LoiYAAAAA==[0m[INFO] --- maven-resources-plugin:3.1.0:testResources (default-testResources) @ panda ---
[INFO] Using 'UTF-8' encoding to copy filtered resources.
[INFO] skip non existing resourceDirectory /var/jenkins_home/workspace/Maven/src/test/resources
[INFO] 
[8mha:////4Ll567cBQo+Xk/VkVQUYJXPdRtymIgjGJOSdN9ct1TtxAAAAYB+LCAAAAAAAAP9b85aBtbiIQSmjNKU4P0+vJLE4u1gvPjexLDVPzxdEGvvmZ+X75Zek2mxOX+vh68DGxMBQUcQgBdWQnJ9XnJ+TqucMoUEKGSCAEaSwAAAn9LoiYAAAAA==[0m[INFO] --- maven-compiler-plugin:3.8.1:testCompile (default-testCompile) @ panda ---
[INFO] Changes detected - recompiling the module!
[INFO] Compiling 3 source files to /var/jenkins_home/workspace/Maven/target/test-classes
[INFO] 
[8mha:////4Ll567cBQo+Xk/VkVQUYJXPdRtymIgjGJOSdN9ct1TtxAAAAYB+LCAAAAAAAAP9b85aBtbiIQSmjNKU4P0+vJLE4u1gvPjexLDVPzxdEGvvmZ+X75Zek2mxOX+vh68DGxMBQUcQgBdWQnJ9XnJ+TqucMoUEKGSCAEaSwAAAn9LoiYAAAAA==[0m[INFO] --- maven-surefire-plugin:2.22.2:test (default-test) @ panda ---
[INFO] 
[INFO] -------------------------------------------------------
[INFO]  T E S T S
[INFO] -------------------------------------------------------
[INFO] Running pl.pandait.panda.PandaApplicationTest
17:31:16.303 [main] DEBUG org.springframework.test.context.BootstrapUtils - Instantiating CacheAwareContextLoaderDelegate from class [org.springframework.test.context.cache.DefaultCacheAwareContextLoaderDelegate]
17:31:16.319 [main] DEBUG org.springframework.test.context.BootstrapUtils - Instantiating BootstrapContext using constructor [public org.springframework.test.context.support.DefaultBootstrapContext(java.lang.Class,org.springframework.test.context.CacheAwareContextLoaderDelegate)]
17:31:16.362 [main] DEBUG org.springframework.test.context.BootstrapUtils - Instantiating TestContextBootstrapper for test class [pl.pandait.panda.PandaApplicationTest] from class [org.springframework.boot.test.context.SpringBootTestContextBootstrapper]
17:31:16.398 [main] INFO org.springframework.boot.test.context.SpringBootTestContextBootstrapper - Neither @ContextConfiguration nor @ContextHierarchy found for test class [pl.pandait.panda.PandaApplicationTest], using SpringBootContextLoader
17:31:16.405 [main] DEBUG org.springframework.test.context.support.AbstractContextLoader - Did not detect default resource location for test class [pl.pandait.panda.PandaApplicationTest]: class path resource [pl/pandait/panda/PandaApplicationTest-context.xml] does not exist
17:31:16.406 [main] DEBUG org.springframework.test.context.support.AbstractContextLoader - Did not detect default resource location for test class [pl.pandait.panda.PandaApplicationTest]: class path resource [pl/pandait/panda/PandaApplicationTestContext.groovy] does not exist
17:31:16.407 [main] INFO org.springframework.test.context.support.AbstractContextLoader - Could not detect default resource locations for test class [pl.pandait.panda.PandaApplicationTest]: no resource found for suffixes {-context.xml, Context.groovy}.
17:31:16.409 [main] INFO org.springframework.test.context.support.AnnotationConfigContextLoaderUtils - Could not detect default configuration classes for test class [pl.pandait.panda.PandaApplicationTest]: PandaApplicationTest does not declare any static, non-private, non-final, nested classes annotated with @Configuration.
17:31:16.460 [main] DEBUG org.springframework.test.context.support.ActiveProfilesUtils - Could not find an 'annotation declaring class' for annotation type [org.springframework.test.context.ActiveProfiles] and class [pl.pandait.panda.PandaApplicationTest]
17:31:16.570 [main] DEBUG org.springframework.context.annotation.ClassPathScanningCandidateComponentProvider - Identified candidate component class: file [/var/jenkins_home/workspace/Maven/target/classes/pl/pandait/panda/PandaApplication.class]
17:31:16.571 [main] INFO org.springframework.boot.test.context.SpringBootTestContextBootstrapper - Found @SpringBootConfiguration pl.pandait.panda.PandaApplication for test class pl.pandait.panda.PandaApplicationTest
17:31:16.692 [main] DEBUG org.springframework.boot.test.context.SpringBootTestContextBootstrapper - @TestExecutionListeners is not present for class [pl.pandait.panda.PandaApplicationTest]: using defaults.
17:31:16.694 [main] INFO org.springframework.boot.test.context.SpringBootTestContextBootstrapper - Loaded default TestExecutionListener class names from location [META-INF/spring.factories]: [org.springframework.boot.test.mock.mockito.MockitoTestExecutionListener, org.springframework.boot.test.mock.mockito.ResetMocksTestExecutionListener, org.springframework.boot.test.autoconfigure.restdocs.RestDocsTestExecutionListener, org.springframework.boot.test.autoconfigure.web.client.MockRestServiceServerResetTestExecutionListener, org.springframework.boot.test.autoconfigure.web.servlet.MockMvcPrintOnlyOnFailureTestExecutionListener, org.springframework.boot.test.autoconfigure.web.servlet.WebDriverTestExecutionListener, org.springframework.test.context.web.ServletTestExecutionListener, org.springframework.test.context.support.DirtiesContextBeforeModesTestExecutionListener, org.springframework.test.context.support.DependencyInjectionTestExecutionListener, org.springframework.test.context.support.DirtiesContextTestExecutionListener, org.springframework.test.context.transaction.TransactionalTestExecutionListener, org.springframework.test.context.jdbc.SqlScriptsTestExecutionListener, org.springframework.test.context.event.EventPublishingTestExecutionListener]
17:31:16.718 [main] DEBUG org.springframework.boot.test.context.SpringBootTestContextBootstrapper - Skipping candidate TestExecutionListener [org.springframework.test.context.transaction.TransactionalTestExecutionListener] due to a missing dependency. Specify custom listener classes or make the default listener classes and their required dependencies available. Offending class: [org/springframework/transaction/TransactionDefinition]
17:31:16.719 [main] DEBUG org.springframework.boot.test.context.SpringBootTestContextBootstrapper - Skipping candidate TestExecutionListener [org.springframework.test.context.jdbc.SqlScriptsTestExecutionListener] due to a missing dependency. Specify custom listener classes or make the default listener classes and their required dependencies available. Offending class: [org/springframework/transaction/interceptor/TransactionAttribute]
17:31:16.719 [main] INFO org.springframework.boot.test.context.SpringBootTestContextBootstrapper - Using TestExecutionListeners: [org.springframework.test.context.web.ServletTestExecutionListener@25a6944c, org.springframework.test.context.support.DirtiesContextBeforeModesTestExecutionListener@5e1fa5b1, org.springframework.boot.test.mock.mockito.MockitoTestExecutionListener@6b00f608, org.springframework.boot.test.autoconfigure.SpringBootDependencyInjectionTestExecutionListener@2f17e30d, org.springframework.test.context.support.DirtiesContextTestExecutionListener@3e821657, org.springframework.test.context.event.EventPublishingTestExecutionListener@1d131e1b, org.springframework.boot.test.mock.mockito.ResetMocksTestExecutionListener@71cf1b07, org.springframework.boot.test.autoconfigure.restdocs.RestDocsTestExecutionListener@615091b8, org.springframework.boot.test.autoconfigure.web.client.MockRestServiceServerResetTestExecutionListener@4fce136b, org.springframework.boot.test.autoconfigure.web.servlet.MockMvcPrintOnlyOnFailureTestExecutionListener@4aa83f4f, org.springframework.boot.test.autoconfigure.web.servlet.WebDriverTestExecutionListener@43b6123e]
17:31:16.723 [main] DEBUG org.springframework.test.context.support.AbstractDirtiesContextTestExecutionListener - Before test class: context [DefaultTestContext@101639ae testClass = PandaApplicationTest, testInstance = [null], testMethod = [null], testException = [null], mergedContextConfiguration = [WebMergedContextConfiguration@4c550889 testClass = PandaApplicationTest, locations = '{}', classes = '{class pl.pandait.panda.PandaApplication}', contextInitializerClasses = '[]', activeProfiles = '{}', propertySourceLocations = '{}', propertySourceProperties = '{org.springframework.boot.test.context.SpringBootTestContextBootstrapper=true}', contextCustomizers = set[org.springframework.boot.test.context.filter.ExcludeFilterContextCustomizer@3e62d773, org.springframework.boot.test.json.DuplicateJsonObjectContextCustomizerFactory$DuplicateJsonObjectContextCustomizer@638ef7ed, org.springframework.boot.test.mock.mockito.MockitoContextCustomizer@0, org.springframework.boot.test.web.client.TestRestTemplateContextCustomizer@7de62196, org.springframework.boot.test.autoconfigure.properties.PropertyMappingContextCustomizer@0, org.springframework.boot.test.autoconfigure.web.servlet.WebDriverContextCustomizerFactory$Customizer@43015c69], resourceBasePath = 'src/main/webapp', contextLoader = 'org.springframework.boot.test.context.SpringBootContextLoader', parent = [null]], attributes = map['org.springframework.test.context.web.ServletTestExecutionListener.activateListener' -> true]], class annotated with @DirtiesContext [false] with mode [null].
17:31:16.770 [main] DEBUG org.springframework.test.context.support.TestPropertySourceUtils - Adding inlined properties to environment: {spring.jmx.enabled=false, org.springframework.boot.test.context.SpringBootTestContextBootstrapper=true, server.port=-1}

  .   ____          _            __ _ _
 /\\ / ___'_ __ _ _(_)_ __  __ _ \ \ \ \
( ( )\___ | '_ | '_| | '_ \/ _` | \ \ \ \
 \\/  ___)| |_)| | | | | || (_| |  ) ) ) )
  '  |____| .__|_| |_|_| |_\__, | / / / /
 =========|_|==============|___/=/_/_/_/
 :: Spring Boot ::        (v2.2.4.RELEASE)

2021-05-17 17:31:17.356  INFO 736 --- [           main] pl.pandait.panda.PandaApplicationTest    : Starting PandaApplicationTest on b12b9941b9fb with PID 736 (started by jenkins in /var/jenkins_home/workspace/Maven)
2021-05-17 17:31:17.357  INFO 736 --- [           main] pl.pandait.panda.PandaApplicationTest    : No active profile set, falling back to default profiles: default
2021-05-17 17:31:19.184  INFO 736 --- [           main] o.s.s.concurrent.ThreadPoolTaskExecutor  : Initializing ExecutorService 'applicationTaskExecutor'
2021-05-17 17:31:19.304  INFO 736 --- [           main] o.s.b.a.w.s.WelcomePageHandlerMapping    : Adding welcome page: class path resource [static/index.html]
2021-05-17 17:31:19.561  INFO 736 --- [           main] pl.pandait.panda.PandaApplicationTest    : Started PandaApplicationTest in 2.774 seconds (JVM running for 4.279)
[INFO] Tests run: 1, Failures: 0, Errors: 0, Skipped: 0, Time elapsed: 4.002 s - in pl.pandait.panda.PandaApplicationTest
[INFO] Running pl.pandait.panda.HelloControllerTest
2021-05-17 17:31:20.146  INFO 736 --- [           main] .b.t.c.SpringBootTestContextBootstrapper : Neither @ContextConfiguration nor @ContextHierarchy found for test class [pl.pandait.panda.HelloControllerTest], using SpringBootContextLoader
2021-05-17 17:31:20.149  INFO 736 --- [           main] o.s.t.c.support.AbstractContextLoader    : Could not detect default resource locations for test class [pl.pandait.panda.HelloControllerTest]: no resource found for suffixes {-context.xml, Context.groovy}.
2021-05-17 17:31:20.150  INFO 736 --- [           main] t.c.s.AnnotationConfigContextLoaderUtils : Could not detect default configuration classes for test class [pl.pandait.panda.HelloControllerTest]: HelloControllerTest does not declare any static, non-private, non-final, nested classes annotated with @Configuration.
2021-05-17 17:31:20.156  INFO 736 --- [           main] .b.t.c.SpringBootTestContextBootstrapper : Found @SpringBootConfiguration pl.pandait.panda.PandaApplication for test class pl.pandait.panda.HelloControllerTest
2021-05-17 17:31:20.161  INFO 736 --- [           main] .b.t.c.SpringBootTestContextBootstrapper : Loaded default TestExecutionListener class names from location [META-INF/spring.factories]: [org.springframework.boot.test.mock.mockito.MockitoTestExecutionListener, org.springframework.boot.test.mock.mockito.ResetMocksTestExecutionListener, org.springframework.boot.test.autoconfigure.restdocs.RestDocsTestExecutionListener, org.springframework.boot.test.autoconfigure.web.client.MockRestServiceServerResetTestExecutionListener, org.springframework.boot.test.autoconfigure.web.servlet.MockMvcPrintOnlyOnFailureTestExecutionListener, org.springframework.boot.test.autoconfigure.web.servlet.WebDriverTestExecutionListener, org.springframework.test.context.web.ServletTestExecutionListener, org.springframework.test.context.support.DirtiesContextBeforeModesTestExecutionListener, org.springframework.test.context.support.DependencyInjectionTestExecutionListener, org.springframework.test.context.support.DirtiesContextTestExecutionListener, org.springframework.test.context.transaction.TransactionalTestExecutionListener, org.springframework.test.context.jdbc.SqlScriptsTestExecutionListener, org.springframework.test.context.event.EventPublishingTestExecutionListener]
2021-05-17 17:31:20.163  INFO 736 --- [           main] .b.t.c.SpringBootTestContextBootstrapper : Using TestExecutionListeners: [org.springframework.test.context.web.ServletTestExecutionListener@ce12fbb, org.springframework.test.context.support.DirtiesContextBeforeModesTestExecutionListener@4525e9e8, org.springframework.boot.test.mock.mockito.MockitoTestExecutionListener@443a53df, org.springframework.boot.test.autoconfigure.SpringBootDependencyInjectionTestExecutionListener@6c33da7a, org.springframework.test.context.support.DirtiesContextTestExecutionListener@69aabcb0, org.springframework.test.context.event.EventPublishingTestExecutionListener@32a72c4, org.springframework.boot.test.mock.mockito.ResetMocksTestExecutionListener@15986dd5, org.springframework.boot.test.autoconfigure.restdocs.RestDocsTestExecutionListener@678a9516, org.springframework.boot.test.autoconfigure.web.client.MockRestServiceServerResetTestExecutionListener@5bf9ea6b, org.springframework.boot.test.autoconfigure.web.servlet.MockMvcPrintOnlyOnFailureTestExecutionListener@b950f82, org.springframework.boot.test.autoconfigure.web.servlet.WebDriverTestExecutionListener@5d352de0]

  .   ____          _            __ _ _
 /\\ / ___'_ __ _ _(_)_ __  __ _ \ \ \ \
( ( )\___ | '_ | '_| | '_ \/ _` | \ \ \ \
 \\/  ___)| |_)| | | | | || (_| |  ) ) ) )
  '  |____| .__|_| |_|_| |_\__, | / / / /
 =========|_|==============|___/=/_/_/_/
 :: Spring Boot ::        (v2.2.4.RELEASE)

2021-05-17 17:31:20.222  INFO 736 --- [           main] pl.pandait.panda.HelloControllerTest     : Starting HelloControllerTest on b12b9941b9fb with PID 736 (started by jenkins in /var/jenkins_home/workspace/Maven)
2021-05-17 17:31:20.223  INFO 736 --- [           main] pl.pandait.panda.HelloControllerTest     : No active profile set, falling back to default profiles: default
2021-05-17 17:31:20.702  INFO 736 --- [           main] o.s.b.w.embedded.tomcat.TomcatWebServer  : Tomcat initialized with port(s): 0 (http)
2021-05-17 17:31:20.721  INFO 736 --- [           main] o.apache.catalina.core.StandardService   : Starting service [Tomcat]
2021-05-17 17:31:20.722  INFO 736 --- [           main] org.apache.catalina.core.StandardEngine  : Starting Servlet engine: [Apache Tomcat/9.0.30]
2021-05-17 17:31:20.880  INFO 736 --- [           main] o.a.c.c.C.[Tomcat].[localhost].[/]       : Initializing Spring embedded WebApplicationContext
2021-05-17 17:31:20.881  INFO 736 --- [           main] o.s.web.context.ContextLoader            : Root WebApplicationContext: initialization completed in 655 ms
2021-05-17 17:31:21.153  INFO 736 --- [           main] o.s.s.concurrent.ThreadPoolTaskExecutor  : Initializing ExecutorService 'applicationTaskExecutor'
2021-05-17 17:31:21.205  INFO 736 --- [           main] o.s.b.a.w.s.WelcomePageHandlerMapping    : Adding welcome page: class path resource [static/index.html]
2021-05-17 17:31:21.823  INFO 736 --- [           main] o.s.b.w.embedded.tomcat.TomcatWebServer  : Tomcat started on port(s): 41963 (http) with context path ''
2021-05-17 17:31:21.826  INFO 736 --- [           main] pl.pandait.panda.HelloControllerTest     : Started HelloControllerTest in 1.651 seconds (JVM running for 6.544)
2021-05-17 17:31:21.875  INFO 736 --- [           main] o.s.mock.web.MockServletContext          : Initializing Spring TestDispatcherServlet ''
2021-05-17 17:31:21.876  INFO 736 --- [           main] o.s.t.web.servlet.TestDispatcherServlet  : Initializing Servlet ''
2021-05-17 17:31:21.878  INFO 736 --- [           main] o.s.t.web.servlet.TestDispatcherServlet  : Completed initialization in 1 ms
[INFO] Tests run: 1, Failures: 0, Errors: 0, Skipped: 0, Time elapsed: 1.763 s - in pl.pandait.panda.HelloControllerTest
2021-05-17 17:31:21.988  INFO 736 --- [extShutdownHook] o.s.s.concurrent.ThreadPoolTaskExecutor  : Shutting down ExecutorService 'applicationTaskExecutor'
2021-05-17 17:31:21.993  INFO 736 --- [extShutdownHook] o.s.s.concurrent.ThreadPoolTaskExecutor  : Shutting down ExecutorService 'applicationTaskExecutor'
[INFO] 
[INFO] Results:
[INFO] 
[INFO] Tests run: 2, Failures: 0, Errors: 0, Skipped: 0
[INFO] 
[INFO] 
[8mha:////4Ll567cBQo+Xk/VkVQUYJXPdRtymIgjGJOSdN9ct1TtxAAAAYB+LCAAAAAAAAP9b85aBtbiIQSmjNKU4P0+vJLE4u1gvPjexLDVPzxdEGvvmZ+X75Zek2mxOX+vh68DGxMBQUcQgBdWQnJ9XnJ+TqucMoUEKGSCAEaSwAAAn9LoiYAAAAA==[0m[INFO] --- maven-surefire-plugin:2.22.2:test (default) @ panda ---
[INFO] Skipping execution of surefire because it has already been run for this configuration
[INFO] 
[8mha:////4Ll567cBQo+Xk/VkVQUYJXPdRtymIgjGJOSdN9ct1TtxAAAAYB+LCAAAAAAAAP9b85aBtbiIQSmjNKU4P0+vJLE4u1gvPjexLDVPzxdEGvvmZ+X75Zek2mxOX+vh68DGxMBQUcQgBdWQnJ9XnJ+TqucMoUEKGSCAEaSwAAAn9LoiYAAAAA==[0m[INFO] --- maven-jar-plugin:3.1.2:jar (default-jar) @ panda ---
[INFO] Building jar: /var/jenkins_home/workspace/Maven/target/panda-0.0.1.jar
[INFO] 
[8mha:////4Ll567cBQo+Xk/VkVQUYJXPdRtymIgjGJOSdN9ct1TtxAAAAYB+LCAAAAAAAAP9b85aBtbiIQSmjNKU4P0+vJLE4u1gvPjexLDVPzxdEGvvmZ+X75Zek2mxOX+vh68DGxMBQUcQgBdWQnJ9XnJ+TqucMoUEKGSCAEaSwAAAn9LoiYAAAAA==[0m[INFO] --- spring-boot-maven-plugin:2.2.4.RELEASE:repackage (repackage) @ panda ---
[INFO] Replacing main artifact with repackaged archive
[INFO] 
[8mha:////4Ll567cBQo+Xk/VkVQUYJXPdRtymIgjGJOSdN9ct1TtxAAAAYB+LCAAAAAAAAP9b85aBtbiIQSmjNKU4P0+vJLE4u1gvPjexLDVPzxdEGvvmZ+X75Zek2mxOX+vh68DGxMBQUcQgBdWQnJ9XnJ+TqucMoUEKGSCAEaSwAAAn9LoiYAAAAA==[0m[INFO] --- maven-install-plugin:2.5.2:install (default-install) @ panda ---
[INFO] Installing /var/jenkins_home/workspace/Maven/target/panda-0.0.1.jar to /var/jenkins_home/.m2/repository/pl/pandait/panda/0.0.1/panda-0.0.1.jar
[INFO] Installing /var/jenkins_home/workspace/Maven/pom.xml to /var/jenkins_home/.m2/repository/pl/pandait/panda/0.0.1/panda-0.0.1.pom
[INFO] ------------------------------------------------------------------------
[INFO] BUILD SUCCESS
[INFO] ------------------------------------------------------------------------
[INFO] Total time:  19.121 s
[INFO] Finished at: 2021-05-17T17:31:24Z
[INFO] ------------------------------------------------------------------------
using settings config with name MavenSettings
Replacing all maven server entries not found in credentials list is true
[Maven] $ /var/jenkins_home/tools/hudson.tasks.Maven_MavenInstallation/m3/bin/mvn -s /tmp/settings6104366895145734631.xml test -Pselenium
[INFO] Scanning for projects...
[INFO] 
[INFO] --------------------------< pl.pandait:panda >--------------------------
[INFO] Building panda 0.0.1
[INFO] --------------------------------[ jar ]---------------------------------
[INFO] 
[8mha:////4Ll567cBQo+Xk/VkVQUYJXPdRtymIgjGJOSdN9ct1TtxAAAAYB+LCAAAAAAAAP9b85aBtbiIQSmjNKU4P0+vJLE4u1gvPjexLDVPzxdEGvvmZ+X75Zek2mxOX+vh68DGxMBQUcQgBdWQnJ9XnJ+TqucMoUEKGSCAEaSwAAAn9LoiYAAAAA==[0m[INFO] --- maven-resources-plugin:3.1.0:resources (default-resources) @ panda ---
[INFO] Using 'UTF-8' encoding to copy filtered resources.
[INFO] Copying 1 resource
[INFO] Copying 2 resources
[INFO] 
[8mha:////4Ll567cBQo+Xk/VkVQUYJXPdRtymIgjGJOSdN9ct1TtxAAAAYB+LCAAAAAAAAP9b85aBtbiIQSmjNKU4P0+vJLE4u1gvPjexLDVPzxdEGvvmZ+X75Zek2mxOX+vh68DGxMBQUcQgBdWQnJ9XnJ+TqucMoUEKGSCAEaSwAAAn9LoiYAAAAA==[0m[INFO] --- maven-compiler-plugin:3.8.1:compile (default-compile) @ panda ---
[INFO] Nothing to compile - all classes are up to date
[INFO] 
[8mha:////4Ll567cBQo+Xk/VkVQUYJXPdRtymIgjGJOSdN9ct1TtxAAAAYB+LCAAAAAAAAP9b85aBtbiIQSmjNKU4P0+vJLE4u1gvPjexLDVPzxdEGvvmZ+X75Zek2mxOX+vh68DGxMBQUcQgBdWQnJ9XnJ+TqucMoUEKGSCAEaSwAAAn9LoiYAAAAA==[0m[INFO] --- maven-compiler-plugin:3.8.1:compile (default) @ panda ---
[INFO] Nothing to compile - all classes are up to date
[INFO] 
[8mha:////4Ll567cBQo+Xk/VkVQUYJXPdRtymIgjGJOSdN9ct1TtxAAAAYB+LCAAAAAAAAP9b85aBtbiIQSmjNKU4P0+vJLE4u1gvPjexLDVPzxdEGvvmZ+X75Zek2mxOX+vh68DGxMBQUcQgBdWQnJ9XnJ+TqucMoUEKGSCAEaSwAAAn9LoiYAAAAA==[0m[INFO] --- maven-resources-plugin:3.1.0:testResources (default-testResources) @ panda ---
[INFO] Using 'UTF-8' encoding to copy filtered resources.
[INFO] skip non existing resourceDirectory /var/jenkins_home/workspace/Maven/src/test/resources
[INFO] 
[8mha:////4Ll567cBQo+Xk/VkVQUYJXPdRtymIgjGJOSdN9ct1TtxAAAAYB+LCAAAAAAAAP9b85aBtbiIQSmjNKU4P0+vJLE4u1gvPjexLDVPzxdEGvvmZ+X75Zek2mxOX+vh68DGxMBQUcQgBdWQnJ9XnJ+TqucMoUEKGSCAEaSwAAAn9LoiYAAAAA==[0m[INFO] --- maven-compiler-plugin:3.8.1:testCompile (default-testCompile) @ panda ---
[INFO] Nothing to compile - all classes are up to date
[INFO] 
[8mha:////4Ll567cBQo+Xk/VkVQUYJXPdRtymIgjGJOSdN9ct1TtxAAAAYB+LCAAAAAAAAP9b85aBtbiIQSmjNKU4P0+vJLE4u1gvPjexLDVPzxdEGvvmZ+X75Zek2mxOX+vh68DGxMBQUcQgBdWQnJ9XnJ+TqucMoUEKGSCAEaSwAAAn9LoiYAAAAA==[0m[INFO] --- maven-surefire-plugin:2.22.2:test (default-test) @ panda ---
[INFO] 
[INFO] -------------------------------------------------------
[INFO]  T E S T S
[INFO] -------------------------------------------------------
[INFO] Running pl.pandait.panda.PandaApplicationSeleniumTest
17:31:29.217 [main] DEBUG org.springframework.test.context.BootstrapUtils - Instantiating CacheAwareContextLoaderDelegate from class [org.springframework.test.context.cache.DefaultCacheAwareContextLoaderDelegate]
17:31:29.252 [main] DEBUG org.springframework.test.context.BootstrapUtils - Instantiating BootstrapContext using constructor [public org.springframework.test.context.support.DefaultBootstrapContext(java.lang.Class,org.springframework.test.context.CacheAwareContextLoaderDelegate)]
17:31:29.288 [main] DEBUG org.springframework.test.context.BootstrapUtils - Instantiating TestContextBootstrapper for test class [pl.pandait.panda.PandaApplicationSeleniumTest] from class [org.springframework.boot.test.context.SpringBootTestContextBootstrapper]
17:31:29.314 [main] INFO org.springframework.boot.test.context.SpringBootTestContextBootstrapper - Neither @ContextConfiguration nor @ContextHierarchy found for test class [pl.pandait.panda.PandaApplicationSeleniumTest], using SpringBootContextLoader
17:31:29.322 [main] DEBUG org.springframework.test.context.support.AbstractContextLoader - Did not detect default resource location for test class [pl.pandait.panda.PandaApplicationSeleniumTest]: class path resource [pl/pandait/panda/PandaApplicationSeleniumTest-context.xml] does not exist
17:31:29.324 [main] DEBUG org.springframework.test.context.support.AbstractContextLoader - Did not detect default resource location for test class [pl.pandait.panda.PandaApplicationSeleniumTest]: class path resource [pl/pandait/panda/PandaApplicationSeleniumTestContext.groovy] does not exist
17:31:29.325 [main] INFO org.springframework.test.context.support.AbstractContextLoader - Could not detect default resource locations for test class [pl.pandait.panda.PandaApplicationSeleniumTest]: no resource found for suffixes {-context.xml, Context.groovy}.
17:31:29.372 [main] DEBUG org.springframework.test.context.support.ActiveProfilesUtils - Could not find an 'annotation declaring class' for annotation type [org.springframework.test.context.ActiveProfiles] and class [pl.pandait.panda.PandaApplicationSeleniumTest]
17:31:29.538 [main] DEBUG org.springframework.boot.test.context.SpringBootTestContextBootstrapper - @TestExecutionListeners is not present for class [pl.pandait.panda.PandaApplicationSeleniumTest]: using defaults.
17:31:29.539 [main] INFO org.springframework.boot.test.context.SpringBootTestContextBootstrapper - Loaded default TestExecutionListener class names from location [META-INF/spring.factories]: [org.springframework.boot.test.mock.mockito.MockitoTestExecutionListener, org.springframework.boot.test.mock.mockito.ResetMocksTestExecutionListener, org.springframework.boot.test.autoconfigure.restdocs.RestDocsTestExecutionListener, org.springframework.boot.test.autoconfigure.web.client.MockRestServiceServerResetTestExecutionListener, org.springframework.boot.test.autoconfigure.web.servlet.MockMvcPrintOnlyOnFailureTestExecutionListener, org.springframework.boot.test.autoconfigure.web.servlet.WebDriverTestExecutionListener, org.springframework.test.context.web.ServletTestExecutionListener, org.springframework.test.context.support.DirtiesContextBeforeModesTestExecutionListener, org.springframework.test.context.support.DependencyInjectionTestExecutionListener, org.springframework.test.context.support.DirtiesContextTestExecutionListener, org.springframework.test.context.transaction.TransactionalTestExecutionListener, org.springframework.test.context.jdbc.SqlScriptsTestExecutionListener, org.springframework.test.context.event.EventPublishingTestExecutionListener]
17:31:29.552 [main] DEBUG org.springframework.boot.test.context.SpringBootTestContextBootstrapper - Skipping candidate TestExecutionListener [org.springframework.test.context.transaction.TransactionalTestExecutionListener] due to a missing dependency. Specify custom listener classes or make the default listener classes and their required dependencies available. Offending class: [org/springframework/transaction/TransactionDefinition]
17:31:29.554 [main] DEBUG org.springframework.boot.test.context.SpringBootTestContextBootstrapper - Skipping candidate TestExecutionListener [org.springframework.test.context.jdbc.SqlScriptsTestExecutionListener] due to a missing dependency. Specify custom listener classes or make the default listener classes and their required dependencies available. Offending class: [org/springframework/transaction/interceptor/TransactionAttribute]
17:31:29.555 [main] INFO org.springframework.boot.test.context.SpringBootTestContextBootstrapper - Using TestExecutionListeners: [org.springframework.test.context.web.ServletTestExecutionListener@15dcfae7, org.springframework.test.context.support.DirtiesContextBeforeModesTestExecutionListener@3da05287, org.springframework.boot.test.mock.mockito.MockitoTestExecutionListener@1e636ea3, org.springframework.boot.test.autoconfigure.SpringBootDependencyInjectionTestExecutionListener@115667d, org.springframework.test.context.support.DirtiesContextTestExecutionListener@736caf7a, org.springframework.test.context.event.EventPublishingTestExecutionListener@4ce7fffa, org.springframework.boot.test.mock.mockito.ResetMocksTestExecutionListener@497486b3, org.springframework.boot.test.autoconfigure.restdocs.RestDocsTestExecutionListener@63f8276e, org.springframework.boot.test.autoconfigure.web.client.MockRestServiceServerResetTestExecutionListener@75f95314, org.springframework.boot.test.autoconfigure.web.servlet.MockMvcPrintOnlyOnFailureTestExecutionListener@6127a7e, org.springframework.boot.test.autoconfigure.web.servlet.WebDriverTestExecutionListener@6bbe2511]
17:31:29.559 [main] DEBUG org.springframework.test.context.support.AbstractDirtiesContextTestExecutionListener - Before test class: context [DefaultTestContext@3d2ee678 testClass = PandaApplicationSeleniumTest, testInstance = [null], testMethod = [null], testException = [null], mergedContextConfiguration = [WebMergedContextConfiguration@6179e425 testClass = PandaApplicationSeleniumTest, locations = '{}', classes = '{class pl.pandait.panda.PandaApplication, class pl.pandait.panda.PandaApplication}', contextInitializerClasses = '[]', activeProfiles = '{}', propertySourceLocations = '{}', propertySourceProperties = '{org.springframework.boot.test.context.SpringBootTestContextBootstrapper=true}', contextCustomizers = set[org.springframework.boot.test.context.filter.ExcludeFilterContextCustomizer@35b74c5c, org.springframework.boot.test.json.DuplicateJsonObjectContextCustomizerFactory$DuplicateJsonObjectContextCustomizer@81d9a72, org.springframework.boot.test.mock.mockito.MockitoContextCustomizer@0, org.springframework.boot.test.web.client.TestRestTemplateContextCustomizer@1e13529a, org.springframework.boot.test.autoconfigure.properties.PropertyMappingContextCustomizer@0, org.springframework.boot.test.autoconfigure.web.servlet.WebDriverContextCustomizerFactory$Customizer@3336e6b6], resourceBasePath = 'src/main/webapp', contextLoader = 'org.springframework.boot.test.context.SpringBootContextLoader', parent = [null]], attributes = map['org.springframework.test.context.web.ServletTestExecutionListener.activateListener' -> false]], class annotated with @DirtiesContext [false] with mode [null].
17:31:29.572 [main] DEBUG org.springframework.test.context.support.DependencyInjectionTestExecutionListener - Performing dependency injection for test context [[DefaultTestContext@3d2ee678 testClass = PandaApplicationSeleniumTest, testInstance = pl.pandait.panda.PandaApplicationSeleniumTest@30b19518, testMethod = [null], testException = [null], mergedContextConfiguration = [WebMergedContextConfiguration@6179e425 testClass = PandaApplicationSeleniumTest, locations = '{}', classes = '{class pl.pandait.panda.PandaApplication, class pl.pandait.panda.PandaApplication}', contextInitializerClasses = '[]', activeProfiles = '{}', propertySourceLocations = '{}', propertySourceProperties = '{org.springframework.boot.test.context.SpringBootTestContextBootstrapper=true}', contextCustomizers = set[org.springframework.boot.test.context.filter.ExcludeFilterContextCustomizer@35b74c5c, org.springframework.boot.test.json.DuplicateJsonObjectContextCustomizerFactory$DuplicateJsonObjectContextCustomizer@81d9a72, org.springframework.boot.test.mock.mockito.MockitoContextCustomizer@0, org.springframework.boot.test.web.client.TestRestTemplateContextCustomizer@1e13529a, org.springframework.boot.test.autoconfigure.properties.PropertyMappingContextCustomizer@0, org.springframework.boot.test.autoconfigure.web.servlet.WebDriverContextCustomizerFactory$Customizer@3336e6b6], resourceBasePath = 'src/main/webapp', contextLoader = 'org.springframework.boot.test.context.SpringBootContextLoader', parent = [null]], attributes = map['org.springframework.test.context.web.ServletTestExecutionListener.activateListener' -> false]]].
17:31:29.601 [main] DEBUG org.springframework.test.context.support.TestPropertySourceUtils - Adding inlined properties to environment: {spring.jmx.enabled=false, org.springframework.boot.test.context.SpringBootTestContextBootstrapper=true}

  .   ____          _            __ _ _
 /\\ / ___'_ __ _ _(_)_ __  __ _ \ \ \ \
( ( )\___ | '_ | '_| | '_ \/ _` | \ \ \ \
 \\/  ___)| |_)| | | | | || (_| |  ) ) ) )
  '  |____| .__|_| |_|_| |_\__, | / / / /
 =========|_|==============|___/=/_/_/_/
 :: Spring Boot ::        (v2.2.4.RELEASE)

2021-05-17 17:31:30.220  INFO 830 --- [           main] p.p.panda.PandaApplicationSeleniumTest   : Starting PandaApplicationSeleniumTest on b12b9941b9fb with PID 830 (started by jenkins in /var/jenkins_home/workspace/Maven)
2021-05-17 17:31:30.222  INFO 830 --- [           main] p.p.panda.PandaApplicationSeleniumTest   : No active profile set, falling back to default profiles: default
2021-05-17 17:31:31.596  INFO 830 --- [           main] o.s.b.w.embedded.tomcat.TomcatWebServer  : Tomcat initialized with port(s): 8080 (http)
2021-05-17 17:31:31.611  INFO 830 --- [           main] o.apache.catalina.core.StandardService   : Starting service [Tomcat]
2021-05-17 17:31:31.612  INFO 830 --- [           main] org.apache.catalina.core.StandardEngine  : Starting Servlet engine: [Apache Tomcat/9.0.30]
2021-05-17 17:31:31.729  INFO 830 --- [           main] o.a.c.c.C.[Tomcat].[localhost].[/]       : Initializing Spring embedded WebApplicationContext
2021-05-17 17:31:31.730  INFO 830 --- [           main] o.s.web.context.ContextLoader            : Root WebApplicationContext: initialization completed in 1462 ms
2021-05-17 17:31:32.088  INFO 830 --- [           main] o.s.s.concurrent.ThreadPoolTaskExecutor  : Initializing ExecutorService 'applicationTaskExecutor'
2021-05-17 17:31:32.200  INFO 830 --- [           main] o.s.b.a.w.s.WelcomePageHandlerMapping    : Adding welcome page: class path resource [static/index.html]
2021-05-17 17:31:32.695  INFO 830 --- [           main] o.apache.catalina.core.StandardService   : Stopping service [Tomcat]
2021-05-17 17:31:32.707  INFO 830 --- [           main] ConditionEvaluationReportLoggingListener : 

Error starting ApplicationContext. To display the conditions report re-run your application with 'debug' enabled.
2021-05-17 17:31:32.709 ERROR 830 --- [           main] o.s.b.d.LoggingFailureAnalysisReporter   : 

***************************
APPLICATION FAILED TO START
***************************

Description:

Web server failed to start. Port 8080 was already in use.

Action:

Identify and stop the process that's listening on port 8080 or configure this application to listen on another port.

2021-05-17 17:31:32.712  INFO 830 --- [           main] o.s.s.concurrent.ThreadPoolTaskExecutor  : Shutting down ExecutorService 'applicationTaskExecutor'

  .   ____          _            __ _ _
 /\\ / ___'_ __ _ _(_)_ __  __ _ \ \ \ \
( ( )\___ | '_ | '_| | '_ \/ _` | \ \ \ \
 \\/  ___)| |_)| | | | | || (_| |  ) ) ) )
  '  |____| .__|_| |_|_| |_\__, | / / / /
 =========|_|==============|___/=/_/_/_/
 :: Spring Boot ::        (v2.2.4.RELEASE)

2021-05-17 17:31:32.744  INFO 830 --- [           main] p.p.panda.PandaApplicationSeleniumTest   : Starting PandaApplicationSeleniumTest on b12b9941b9fb with PID 830 (started by jenkins in /var/jenkins_home/workspace/Maven)
2021-05-17 17:31:32.744  INFO 830 --- [           main] p.p.panda.PandaApplicationSeleniumTest   : No active profile set, falling back to default profiles: default
2021-05-17 17:31:32.991  INFO 830 --- [           main] o.s.b.w.embedded.tomcat.TomcatWebServer  : Tomcat initialized with port(s): 8080 (http)
2021-05-17 17:31:32.993  INFO 830 --- [           main] o.apache.catalina.core.StandardService   : Starting service [Tomcat]
2021-05-17 17:31:32.993  INFO 830 --- [           main] org.apache.catalina.core.StandardEngine  : Starting Servlet engine: [Apache Tomcat/9.0.30]
2021-05-17 17:31:33.017  INFO 830 --- [           main] o.a.c.c.C.[Tomcat-1].[localhost].[/]     : Initializing Spring embedded WebApplicationContext
2021-05-17 17:31:33.017  INFO 830 --- [           main] o.s.web.context.ContextLoader            : Root WebApplicationContext: initialization completed in 270 ms
2021-05-17 17:31:33.182  INFO 830 --- [           main] o.s.s.concurrent.ThreadPoolTaskExecutor  : Initializing ExecutorService 'applicationTaskExecutor'
2021-05-17 17:31:33.211  INFO 830 --- [           main] o.s.b.a.w.s.WelcomePageHandlerMapping    : Adding welcome page: class path resource [static/index.html]
2021-05-17 17:31:33.345  INFO 830 --- [           main] o.apache.catalina.core.StandardService   : Stopping service [Tomcat]
2021-05-17 17:31:33.350  INFO 830 --- [           main] ConditionEvaluationReportLoggingListener : 

Error starting ApplicationContext. To display the conditions report re-run your application with 'debug' enabled.
2021-05-17 17:31:33.351 ERROR 830 --- [           main] o.s.b.d.LoggingFailureAnalysisReporter   : 

***************************
APPLICATION FAILED TO START
***************************

Description:

Web server failed to start. Port 8080 was already in use.

Action:

Identify and stop the process that's listening on port 8080 or configure this application to listen on another port.

2021-05-17 17:31:33.353  INFO 830 --- [           main] o.s.s.concurrent.ThreadPoolTaskExecutor  : Shutting down ExecutorService 'applicationTaskExecutor'
2021-05-17 17:31:33.358 ERROR 830 --- [           main] o.s.test.context.TestContextManager      : Caught exception while allowing TestExecutionListener [org.springframework.boot.test.autoconfigure.SpringBootDependencyInjectionTestExecutionListener@115667d] to prepare test instance [pl.pandait.panda.PandaApplicationSeleniumTest@30b19518]

java.lang.IllegalStateException: Failed to load ApplicationContext
	at org.springframework.test.context.cache.DefaultCacheAwareContextLoaderDelegate.loadContext(DefaultCacheAwareContextLoaderDelegate.java:132) ~[spring-test-5.2.3.RELEASE.jar:5.2.3.RELEASE]
	at org.springframework.test.context.support.DefaultTestContext.getApplicationContext(DefaultTestContext.java:123) ~[spring-test-5.2.3.RELEASE.jar:5.2.3.RELEASE]
	at org.springframework.test.context.support.DependencyInjectionTestExecutionListener.injectDependencies(DependencyInjectionTestExecutionListener.java:118) ~[spring-test-5.2.3.RELEASE.jar:5.2.3.RELEASE]
	at org.springframework.test.context.support.DependencyInjectionTestExecutionListener.prepareTestInstance(DependencyInjectionTestExecutionListener.java:83) ~[spring-test-5.2.3.RELEASE.jar:5.2.3.RELEASE]
	at org.springframework.boot.test.autoconfigure.SpringBootDependencyInjectionTestExecutionListener.prepareTestInstance(SpringBootDependencyInjectionTestExecutionListener.java:43) ~[spring-boot-test-autoconfigure-2.2.4.RELEASE.jar:2.2.4.RELEASE]
	at org.springframework.test.context.TestContextManager.prepareTestInstance(TestContextManager.java:244) ~[spring-test-5.2.3.RELEASE.jar:5.2.3.RELEASE]
	at org.springframework.test.context.junit.jupiter.SpringExtension.postProcessTestInstance(SpringExtension.java:98) ~[spring-test-5.2.3.RELEASE.jar:5.2.3.RELEASE]
	at org.junit.jupiter.engine.descriptor.ClassBasedTestDescriptor.lambda$invokeTestInstancePostProcessors$5(ClassBasedTestDescriptor.java:337) ~[junit-jupiter-engine-5.5.2.jar:5.5.2]
	at org.junit.jupiter.engine.descriptor.ClassBasedTestDescriptor.executeAndMaskThrowable(ClassBasedTestDescriptor.java:342) ~[junit-jupiter-engine-5.5.2.jar:5.5.2]
	at org.junit.jupiter.engine.descriptor.ClassBasedTestDescriptor.lambda$invokeTestInstancePostProcessors$6(ClassBasedTestDescriptor.java:337) ~[junit-jupiter-engine-5.5.2.jar:5.5.2]
	at java.base/java.util.stream.ReferencePipeline$3$1.accept(ReferencePipeline.java:195) ~[na:na]
	at java.base/java.util.stream.ReferencePipeline$2$1.accept(ReferencePipeline.java:177) ~[na:na]
	at java.base/java.util.ArrayList$ArrayListSpliterator.forEachRemaining(ArrayList.java:1655) ~[na:na]
	at java.base/java.util.stream.AbstractPipeline.copyInto(AbstractPipeline.java:484) ~[na:na]
	at java.base/java.util.stream.AbstractPipeline.wrapAndCopyInto(AbstractPipeline.java:474) ~[na:na]
	at java.base/java.util.stream.StreamSpliterators$WrappingSpliterator.forEachRemaining(StreamSpliterators.java:312) ~[na:na]
	at java.base/java.util.stream.Streams$ConcatSpliterator.forEachRemaining(Streams.java:735) ~[na:na]
	at java.base/java.util.stream.Streams$ConcatSpliterator.forEachRemaining(Streams.java:734) ~[na:na]
	at java.base/java.util.stream.ReferencePipeline$Head.forEach(ReferencePipeline.java:658) ~[na:na]
	at org.junit.jupiter.engine.descriptor.ClassBasedTestDescriptor.invokeTestInstancePostProcessors(ClassBasedTestDescriptor.java:336) ~[junit-jupiter-engine-5.5.2.jar:5.5.2]
	at org.junit.jupiter.engine.descriptor.ClassBasedTestDescriptor.instantiateAndPostProcessTestInstance(ClassBasedTestDescriptor.java:259) ~[junit-jupiter-engine-5.5.2.jar:5.5.2]
	at org.junit.jupiter.engine.descriptor.ClassBasedTestDescriptor.lambda$testInstancesProvider$2(ClassBasedTestDescriptor.java:252) ~[junit-jupiter-engine-5.5.2.jar:5.5.2]
	at java.base/java.util.Optional.orElseGet(Optional.java:369) ~[na:na]
	at org.junit.jupiter.engine.descriptor.ClassBasedTestDescriptor.lambda$testInstancesProvider$3(ClassBasedTestDescriptor.java:251) ~[junit-jupiter-engine-5.5.2.jar:5.5.2]
	at org.junit.jupiter.engine.execution.TestInstancesProvider.getTestInstances(TestInstancesProvider.java:29) ~[junit-jupiter-engine-5.5.2.jar:5.5.2]
	at org.junit.jupiter.engine.descriptor.TestMethodTestDescriptor.lambda$prepare$0(TestMethodTestDescriptor.java:106) ~[junit-jupiter-engine-5.5.2.jar:5.5.2]
	at org.junit.platform.engine.support.hierarchical.ThrowableCollector.execute(ThrowableCollector.java:73) ~[junit-platform-engine-1.5.2.jar:1.5.2]
	at org.junit.jupiter.engine.descriptor.TestMethodTestDescriptor.prepare(TestMethodTestDescriptor.java:105) ~[junit-jupiter-engine-5.5.2.jar:5.5.2]
	at org.junit.jupiter.engine.descriptor.TestMethodTestDescriptor.prepare(TestMethodTestDescriptor.java:69) ~[junit-jupiter-engine-5.5.2.jar:5.5.2]
	at org.junit.platform.engine.support.hierarchical.NodeTestTask.lambda$prepare$1(NodeTestTask.java:107) ~[junit-platform-engine-1.5.2.jar:1.5.2]
	at org.junit.platform.engine.support.hierarchical.ThrowableCollector.execute(ThrowableCollector.java:73) ~[junit-platform-engine-1.5.2.jar:1.5.2]
	at org.junit.platform.engine.support.hierarchical.NodeTestTask.prepare(NodeTestTask.java:107) ~[junit-platform-engine-1.5.2.jar:1.5.2]
	at org.junit.platform.engine.support.hierarchical.NodeTestTask.execute(NodeTestTask.java:75) ~[junit-platform-engine-1.5.2.jar:1.5.2]
	at java.base/java.util.ArrayList.forEach(ArrayList.java:1541) ~[na:na]
	at org.junit.platform.engine.support.hierarchical.SameThreadHierarchicalTestExecutorService.invokeAll(SameThreadHierarchicalTestExecutorService.java:38) ~[junit-platform-engine-1.5.2.jar:1.5.2]
	at org.junit.platform.engine.support.hierarchical.NodeTestTask.lambda$executeRecursively$5(NodeTestTask.java:139) ~[junit-platform-engine-1.5.2.jar:1.5.2]
	at org.junit.platform.engine.support.hierarchical.ThrowableCollector.execute(ThrowableCollector.java:73) ~[junit-platform-engine-1.5.2.jar:1.5.2]
	at org.junit.platform.engine.support.hierarchical.NodeTestTask.lambda$executeRecursively$7(NodeTestTask.java:125) ~[junit-platform-engine-1.5.2.jar:1.5.2]
	at org.junit.platform.engine.support.hierarchical.Node.around(Node.java:135) ~[junit-platform-engine-1.5.2.jar:1.5.2]
	at org.junit.platform.engine.support.hierarchical.NodeTestTask.lambda$executeRecursively$8(NodeTestTask.java:123) ~[junit-platform-engine-1.5.2.jar:1.5.2]
	at org.junit.platform.engine.support.hierarchical.ThrowableCollector.execute(ThrowableCollector.java:73) ~[junit-platform-engine-1.5.2.jar:1.5.2]
	at org.junit.platform.engine.support.hierarchical.NodeTestTask.executeRecursively(NodeTestTask.java:122) ~[junit-platform-engine-1.5.2.jar:1.5.2]
	at org.junit.platform.engine.support.hierarchical.NodeTestTask.execute(NodeTestTask.java:80) ~[junit-platform-engine-1.5.2.jar:1.5.2]
	at java.base/java.util.ArrayList.forEach(ArrayList.java:1541) ~[na:na]
	at org.junit.platform.engine.support.hierarchical.SameThreadHierarchicalTestExecutorService.invokeAll(SameThreadHierarchicalTestExecutorService.java:38) ~[junit-platform-engine-1.5.2.jar:1.5.2]
	at org.junit.platform.engine.support.hierarchical.NodeTestTask.lambda$executeRecursively$5(NodeTestTask.java:139) ~[junit-platform-engine-1.5.2.jar:1.5.2]
	at org.junit.platform.engine.support.hierarchical.ThrowableCollector.execute(ThrowableCollector.java:73) ~[junit-platform-engine-1.5.2.jar:1.5.2]
	at org.junit.platform.engine.support.hierarchical.NodeTestTask.lambda$executeRecursively$7(NodeTestTask.java:125) ~[junit-platform-engine-1.5.2.jar:1.5.2]
	at org.junit.platform.engine.support.hierarchical.Node.around(Node.java:135) ~[junit-platform-engine-1.5.2.jar:1.5.2]
	at org.junit.platform.engine.support.hierarchical.NodeTestTask.lambda$executeRecursively$8(NodeTestTask.java:123) ~[junit-platform-engine-1.5.2.jar:1.5.2]
	at org.junit.platform.engine.support.hierarchical.ThrowableCollector.execute(ThrowableCollector.java:73) ~[junit-platform-engine-1.5.2.jar:1.5.2]
	at org.junit.platform.engine.support.hierarchical.NodeTestTask.executeRecursively(NodeTestTask.java:122) ~[junit-platform-engine-1.5.2.jar:1.5.2]
	at org.junit.platform.engine.support.hierarchical.NodeTestTask.execute(NodeTestTask.java:80) ~[junit-platform-engine-1.5.2.jar:1.5.2]
	at org.junit.platform.engine.support.hierarchical.SameThreadHierarchicalTestExecutorService.submit(SameThreadHierarchicalTestExecutorService.java:32) ~[junit-platform-engine-1.5.2.jar:1.5.2]
	at org.junit.platform.engine.support.hierarchical.HierarchicalTestExecutor.execute(HierarchicalTestExecutor.java:57) ~[junit-platform-engine-1.5.2.jar:1.5.2]
	at org.junit.platform.engine.support.hierarchical.HierarchicalTestEngine.execute(HierarchicalTestEngine.java:51) ~[junit-platform-engine-1.5.2.jar:1.5.2]
	at org.junit.platform.launcher.core.DefaultLauncher.execute(DefaultLauncher.java:220) ~[junit-platform-launcher-1.3.1.jar:1.3.1]
	at org.junit.platform.launcher.core.DefaultLauncher.lambda$execute$6(DefaultLauncher.java:188) ~[junit-platform-launcher-1.3.1.jar:1.3.1]
	at org.junit.platform.launcher.core.DefaultLauncher.withInterceptedStreams(DefaultLauncher.java:202) ~[junit-platform-launcher-1.3.1.jar:1.3.1]
	at org.junit.platform.launcher.core.DefaultLauncher.execute(DefaultLauncher.java:181) ~[junit-platform-launcher-1.3.1.jar:1.3.1]
	at org.junit.platform.launcher.core.DefaultLauncher.execute(DefaultLauncher.java:128) ~[junit-platform-launcher-1.3.1.jar:1.3.1]
	at org.apache.maven.surefire.junitplatform.JUnitPlatformProvider.invokeAllTests(JUnitPlatformProvider.java:150) ~[surefire-junit-platform-2.22.2.jar:2.22.2]
	at org.apache.maven.surefire.junitplatform.JUnitPlatformProvider.invoke(JUnitPlatformProvider.java:124) ~[surefire-junit-platform-2.22.2.jar:2.22.2]
	at org.apache.maven.surefire.booter.ForkedBooter.invokeProviderInSameClassLoader(ForkedBooter.java:384) ~[surefire-booter-2.22.2.jar:2.22.2]
	at org.apache.maven.surefire.booter.ForkedBooter.runSuitesInProcess(ForkedBooter.java:345) ~[surefire-booter-2.22.2.jar:2.22.2]
	at org.apache.maven.surefire.booter.ForkedBooter.execute(ForkedBooter.java:126) ~[surefire-booter-2.22.2.jar:2.22.2]
	at org.apache.maven.surefire.booter.ForkedBooter.main(ForkedBooter.java:418) ~[surefire-booter-2.22.2.jar:2.22.2]
Caused by: org.springframework.boot.web.server.PortInUseException: Port 8080 is already in use
	at org.springframework.boot.web.embedded.tomcat.TomcatWebServer.start(TomcatWebServer.java:213) ~[spring-boot-2.2.4.RELEASE.jar:2.2.4.RELEASE]
	at org.springframework.boot.web.servlet.context.ServletWebServerApplicationContext.startWebServer(ServletWebServerApplicationContext.java:297) ~[spring-boot-2.2.4.RELEASE.jar:2.2.4.RELEASE]
	at org.springframework.boot.web.servlet.context.ServletWebServerApplicationContext.finishRefresh(ServletWebServerApplicationContext.java:163) ~[spring-boot-2.2.4.RELEASE.jar:2.2.4.RELEASE]
	at org.springframework.context.support.AbstractApplicationContext.refresh(AbstractApplicationContext.java:553) ~[spring-context-5.2.3.RELEASE.jar:5.2.3.RELEASE]
	at org.springframework.boot.web.servlet.context.ServletWebServerApplicationContext.refresh(ServletWebServerApplicationContext.java:141) ~[spring-boot-2.2.4.RELEASE.jar:2.2.4.RELEASE]
	at org.springframework.boot.SpringApplication.refresh(SpringApplication.java:747) ~[spring-boot-2.2.4.RELEASE.jar:2.2.4.RELEASE]
	at org.springframework.boot.SpringApplication.refreshContext(SpringApplication.java:397) ~[spring-boot-2.2.4.RELEASE.jar:2.2.4.RELEASE]
	at org.springframework.boot.SpringApplication.run(SpringApplication.java:315) ~[spring-boot-2.2.4.RELEASE.jar:2.2.4.RELEASE]
	at org.springframework.boot.test.context.SpringBootContextLoader.loadContext(SpringBootContextLoader.java:126) ~[spring-boot-test-2.2.4.RELEASE.jar:2.2.4.RELEASE]
	at org.springframework.test.context.cache.DefaultCacheAwareContextLoaderDelegate.loadContextInternal(DefaultCacheAwareContextLoaderDelegate.java:99) ~[spring-test-5.2.3.RELEASE.jar:5.2.3.RELEASE]
	at org.springframework.test.context.cache.DefaultCacheAwareContextLoaderDelegate.loadContext(DefaultCacheAwareContextLoaderDelegate.java:124) ~[spring-test-5.2.3.RELEASE.jar:5.2.3.RELEASE]
	... 66 common frames omitted


  .   ____          _            __ _ _
 /\\ / ___'_ __ _ _(_)_ __  __ _ \ \ \ \
( ( )\___ | '_ | '_| | '_ \/ _` | \ \ \ \
 \\/  ___)| |_)| | | | | || (_| |  ) ) ) )
  '  |____| .__|_| |_|_| |_\__, | / / / /
 =========|_|==============|___/=/_/_/_/
 :: Spring Boot ::        (v2.2.4.RELEASE)

2021-05-17 17:31:33.415  INFO 830 --- [           main] p.p.panda.PandaApplicationSeleniumTest   : Starting PandaApplicationSeleniumTest on b12b9941b9fb with PID 830 (started by jenkins in /var/jenkins_home/workspace/Maven)
2021-05-17 17:31:33.416  INFO 830 --- [           main] p.p.panda.PandaApplicationSeleniumTest   : No active profile set, falling back to default profiles: default
2021-05-17 17:31:33.653  INFO 830 --- [           main] o.s.b.w.embedded.tomcat.TomcatWebServer  : Tomcat initialized with port(s): 8080 (http)
2021-05-17 17:31:33.655  INFO 830 --- [           main] o.apache.catalina.core.StandardService   : Starting service [Tomcat]
2021-05-17 17:31:33.655  INFO 830 --- [           main] org.apache.catalina.core.StandardEngine  : Starting Servlet engine: [Apache Tomcat/9.0.30]
2021-05-17 17:31:33.671  INFO 830 --- [           main] o.a.c.c.C.[Tomcat-2].[localhost].[/]     : Initializing Spring embedded WebApplicationContext
2021-05-17 17:31:33.672  INFO 830 --- [           main] o.s.web.context.ContextLoader            : Root WebApplicationContext: initialization completed in 251 ms
2021-05-17 17:31:33.876  INFO 830 --- [           main] o.s.s.concurrent.ThreadPoolTaskExecutor  : Initializing ExecutorService 'applicationTaskExecutor'
2021-05-17 17:31:33.903  INFO 830 --- [           main] o.s.b.a.w.s.WelcomePageHandlerMapping    : Adding welcome page: class path resource [static/index.html]
2021-05-17 17:31:34.016  INFO 830 --- [           main] o.apache.catalina.core.StandardService   : Stopping service [Tomcat]
2021-05-17 17:31:34.019  INFO 830 --- [           main] ConditionEvaluationReportLoggingListener : 

Error starting ApplicationContext. To display the conditions report re-run your application with 'debug' enabled.
2021-05-17 17:31:34.021 ERROR 830 --- [           main] o.s.b.d.LoggingFailureAnalysisReporter   : 

***************************
APPLICATION FAILED TO START
***************************

Description:

Web server failed to start. Port 8080 was already in use.

Action:

Identify and stop the process that's listening on port 8080 or configure this application to listen on another port.

2021-05-17 17:31:34.022  INFO 830 --- [           main] o.s.s.concurrent.ThreadPoolTaskExecutor  : Shutting down ExecutorService 'applicationTaskExecutor'

  .   ____          _            __ _ _
 /\\ / ___'_ __ _ _(_)_ __  __ _ \ \ \ \
( ( )\___ | '_ | '_| | '_ \/ _` | \ \ \ \
 \\/  ___)| |_)| | | | | || (_| |  ) ) ) )
  '  |____| .__|_| |_|_| |_\__, | / / / /
 =========|_|==============|___/=/_/_/_/
 :: Spring Boot ::        (v2.2.4.RELEASE)

2021-05-17 17:31:34.040  INFO 830 --- [           main] p.p.panda.PandaApplicationSeleniumTest   : Starting PandaApplicationSeleniumTest on b12b9941b9fb with PID 830 (started by jenkins in /var/jenkins_home/workspace/Maven)
2021-05-17 17:31:34.041  INFO 830 --- [           main] p.p.panda.PandaApplicationSeleniumTest   : No active profile set, falling back to default profiles: default
2021-05-17 17:31:34.210  INFO 830 --- [           main] o.s.b.w.embedded.tomcat.TomcatWebServer  : Tomcat initialized with port(s): 8080 (http)
2021-05-17 17:31:34.211  INFO 830 --- [           main] o.apache.catalina.core.StandardService   : Starting service [Tomcat]
2021-05-17 17:31:34.211  INFO 830 --- [           main] org.apache.catalina.core.StandardEngine  : Starting Servlet engine: [Apache Tomcat/9.0.30]
2021-05-17 17:31:34.223  INFO 830 --- [           main] o.a.c.c.C.[Tomcat-3].[localhost].[/]     : Initializing Spring embedded WebApplicationContext
2021-05-17 17:31:34.224  INFO 830 --- [           main] o.s.web.context.ContextLoader            : Root WebApplicationContext: initialization completed in 181 ms
2021-05-17 17:31:34.372  INFO 830 --- [           main] o.s.s.concurrent.ThreadPoolTaskExecutor  : Initializing ExecutorService 'applicationTaskExecutor'
2021-05-17 17:31:34.394  INFO 830 --- [           main] o.s.b.a.w.s.WelcomePageHandlerMapping    : Adding welcome page: class path resource [static/index.html]
2021-05-17 17:31:34.513  INFO 830 --- [           main] o.apache.catalina.core.StandardService   : Stopping service [Tomcat]
2021-05-17 17:31:34.520  INFO 830 --- [           main] ConditionEvaluationReportLoggingListener : 

Error starting ApplicationContext. To display the conditions report re-run your application with 'debug' enabled.
2021-05-17 17:31:34.521 ERROR 830 --- [           main] o.s.b.d.LoggingFailureAnalysisReporter   : 

***************************
APPLICATION FAILED TO START
***************************

Description:

Web server failed to start. Port 8080 was already in use.

Action:

Identify and stop the process that's listening on port 8080 or configure this application to listen on another port.

2021-05-17 17:31:34.522  INFO 830 --- [           main] o.s.s.concurrent.ThreadPoolTaskExecutor  : Shutting down ExecutorService 'applicationTaskExecutor'
2021-05-17 17:31:34.524 ERROR 830 --- [           main] o.s.test.context.TestContextManager      : Caught exception while allowing TestExecutionListener [org.springframework.boot.test.autoconfigure.SpringBootDependencyInjectionTestExecutionListener@115667d] to prepare test instance [pl.pandait.panda.PandaApplicationSeleniumTest@c758a2d]

java.lang.IllegalStateException: Failed to load ApplicationContext
	at org.springframework.test.context.cache.DefaultCacheAwareContextLoaderDelegate.loadContext(DefaultCacheAwareContextLoaderDelegate.java:132) ~[spring-test-5.2.3.RELEASE.jar:5.2.3.RELEASE]
	at org.springframework.test.context.support.DefaultTestContext.getApplicationContext(DefaultTestContext.java:123) ~[spring-test-5.2.3.RELEASE.jar:5.2.3.RELEASE]
	at org.springframework.test.context.support.DependencyInjectionTestExecutionListener.injectDependencies(DependencyInjectionTestExecutionListener.java:118) ~[spring-test-5.2.3.RELEASE.jar:5.2.3.RELEASE]
	at org.springframework.test.context.support.DependencyInjectionTestExecutionListener.prepareTestInstance(DependencyInjectionTestExecutionListener.java:83) ~[spring-test-5.2.3.RELEASE.jar:5.2.3.RELEASE]
	at org.springframework.boot.test.autoconfigure.SpringBootDependencyInjectionTestExecutionListener.prepareTestInstance(SpringBootDependencyInjectionTestExecutionListener.java:43) ~[spring-boot-test-autoconfigure-2.2.4.RELEASE.jar:2.2.4.RELEASE]
	at org.springframework.test.context.TestContextManager.prepareTestInstance(TestContextManager.java:244) ~[spring-test-5.2.3.RELEASE.jar:5.2.3.RELEASE]
	at org.springframework.test.context.junit.jupiter.SpringExtension.postProcessTestInstance(SpringExtension.java:98) ~[spring-test-5.2.3.RELEASE.jar:5.2.3.RELEASE]
	at org.junit.jupiter.engine.descriptor.ClassBasedTestDescriptor.lambda$invokeTestInstancePostProcessors$5(ClassBasedTestDescriptor.java:337) ~[junit-jupiter-engine-5.5.2.jar:5.5.2]
	at org.junit.jupiter.engine.descriptor.ClassBasedTestDescriptor.executeAndMaskThrowable(ClassBasedTestDescriptor.java:342) ~[junit-jupiter-engine-5.5.2.jar:5.5.2]
	at org.junit.jupiter.engine.descriptor.ClassBasedTestDescriptor.lambda$invokeTestInstancePostProcessors$6(ClassBasedTestDescriptor.java:337) ~[junit-jupiter-engine-5.5.2.jar:5.5.2]
	at java.base/java.util.stream.ReferencePipeline$3$1.accept(ReferencePipeline.java:195) ~[na:na]
	at java.base/java.util.stream.ReferencePipeline$2$1.accept(ReferencePipeline.java:177) ~[na:na]
	at java.base/java.util.ArrayList$ArrayListSpliterator.forEachRemaining(ArrayList.java:1655) ~[na:na]
	at java.base/java.util.stream.AbstractPipeline.copyInto(AbstractPipeline.java:484) ~[na:na]
	at java.base/java.util.stream.AbstractPipeline.wrapAndCopyInto(AbstractPipeline.java:474) ~[na:na]
	at java.base/java.util.stream.StreamSpliterators$WrappingSpliterator.forEachRemaining(StreamSpliterators.java:312) ~[na:na]
	at java.base/java.util.stream.Streams$ConcatSpliterator.forEachRemaining(Streams.java:735) ~[na:na]
	at java.base/java.util.stream.Streams$ConcatSpliterator.forEachRemaining(Streams.java:734) ~[na:na]
	at java.base/java.util.stream.ReferencePipeline$Head.forEach(ReferencePipeline.java:658) ~[na:na]
	at org.junit.jupiter.engine.descriptor.ClassBasedTestDescriptor.invokeTestInstancePostProcessors(ClassBasedTestDescriptor.java:336) ~[junit-jupiter-engine-5.5.2.jar:5.5.2]
	at org.junit.jupiter.engine.descriptor.ClassBasedTestDescriptor.instantiateAndPostProcessTestInstance(ClassBasedTestDescriptor.java:259) ~[junit-jupiter-engine-5.5.2.jar:5.5.2]
	at org.junit.jupiter.engine.descriptor.ClassBasedTestDescriptor.lambda$testInstancesProvider$2(ClassBasedTestDescriptor.java:252) ~[junit-jupiter-engine-5.5.2.jar:5.5.2]
	at java.base/java.util.Optional.orElseGet(Optional.java:369) ~[na:na]
	at org.junit.jupiter.engine.descriptor.ClassBasedTestDescriptor.lambda$testInstancesProvider$3(ClassBasedTestDescriptor.java:251) ~[junit-jupiter-engine-5.5.2.jar:5.5.2]
	at org.junit.jupiter.engine.execution.TestInstancesProvider.getTestInstances(TestInstancesProvider.java:29) ~[junit-jupiter-engine-5.5.2.jar:5.5.2]
	at org.junit.jupiter.engine.descriptor.TestMethodTestDescriptor.lambda$prepare$0(TestMethodTestDescriptor.java:106) ~[junit-jupiter-engine-5.5.2.jar:5.5.2]
	at org.junit.platform.engine.support.hierarchical.ThrowableCollector.execute(ThrowableCollector.java:73) ~[junit-platform-engine-1.5.2.jar:1.5.2]
	at org.junit.jupiter.engine.descriptor.TestMethodTestDescriptor.prepare(TestMethodTestDescriptor.java:105) ~[junit-jupiter-engine-5.5.2.jar:5.5.2]
	at org.junit.jupiter.engine.descriptor.TestMethodTestDescriptor.prepare(TestMethodTestDescriptor.java:69) ~[junit-jupiter-engine-5.5.2.jar:5.5.2]
	at org.junit.platform.engine.support.hierarchical.NodeTestTask.lambda$prepare$1(NodeTestTask.java:107) ~[junit-platform-engine-1.5.2.jar:1.5.2]
	at org.junit.platform.engine.support.hierarchical.ThrowableCollector.execute(ThrowableCollector.java:73) ~[junit-platform-engine-1.5.2.jar:1.5.2]
	at org.junit.platform.engine.support.hierarchical.NodeTestTask.prepare(NodeTestTask.java:107) ~[junit-platform-engine-1.5.2.jar:1.5.2]
	at org.junit.platform.engine.support.hierarchical.NodeTestTask.execute(NodeTestTask.java:75) ~[junit-platform-engine-1.5.2.jar:1.5.2]
	at java.base/java.util.ArrayList.forEach(ArrayList.java:1541) ~[na:na]
	at org.junit.platform.engine.support.hierarchical.SameThreadHierarchicalTestExecutorService.invokeAll(SameThreadHierarchicalTestExecutorService.java:38) ~[junit-platform-engine-1.5.2.jar:1.5.2]
	at org.junit.platform.engine.support.hierarchical.NodeTestTask.lambda$executeRecursively$5(NodeTestTask.java:139) ~[junit-platform-engine-1.5.2.jar:1.5.2]
	at org.junit.platform.engine.support.hierarchical.ThrowableCollector.execute(ThrowableCollector.java:73) ~[junit-platform-engine-1.5.2.jar:1.5.2]
	at org.junit.platform.engine.support.hierarchical.NodeTestTask.lambda$executeRecursively$7(NodeTestTask.java:125) ~[junit-platform-engine-1.5.2.jar:1.5.2]
	at org.junit.platform.engine.support.hierarchical.Node.around(Node.java:135) ~[junit-platform-engine-1.5.2.jar:1.5.2]
	at org.junit.platform.engine.support.hierarchical.NodeTestTask.lambda$executeRecursively$8(NodeTestTask.java:123) ~[junit-platform-engine-1.5.2.jar:1.5.2]
	at org.junit.platform.engine.support.hierarchical.ThrowableCollector.execute(ThrowableCollector.java:73) ~[junit-platform-engine-1.5.2.jar:1.5.2]
	at org.junit.platform.engine.support.hierarchical.NodeTestTask.executeRecursively(NodeTestTask.java:122) ~[junit-platform-engine-1.5.2.jar:1.5.2]
	at org.junit.platform.engine.support.hierarchical.NodeTestTask.execute(NodeTestTask.java:80) ~[junit-platform-engine-1.5.2.jar:1.5.2]
	at java.base/java.util.ArrayList.forEach(ArrayList.java:1541) ~[na:na]
	at org.junit.platform.engine.support.hierarchical.SameThreadHierarchicalTestExecutorService.invokeAll(SameThreadHierarchicalTestExecutorService.java:38) ~[junit-platform-engine-1.5.2.jar:1.5.2]
	at org.junit.platform.engine.support.hierarchical.NodeTestTask.lambda$executeRecursively$5(NodeTestTask.java:139) ~[junit-platform-engine-1.5.2.jar:1.5.2]
	at org.junit.platform.engine.support.hierarchical.ThrowableCollector.execute(ThrowableCollector.java:73) ~[junit-platform-engine-1.5.2.jar:1.5.2]
	at org.junit.platform.engine.support.hierarchical.NodeTestTask.lambda$executeRecursively$7(NodeTestTask.java:125) ~[junit-platform-engine-1.5.2.jar:1.5.2]
	at org.junit.platform.engine.support.hierarchical.Node.around(Node.java:135) ~[junit-platform-engine-1.5.2.jar:1.5.2]
	at org.junit.platform.engine.support.hierarchical.NodeTestTask.lambda$executeRecursively$8(NodeTestTask.java:123) ~[junit-platform-engine-1.5.2.jar:1.5.2]
	at org.junit.platform.engine.support.hierarchical.ThrowableCollector.execute(ThrowableCollector.java:73) ~[junit-platform-engine-1.5.2.jar:1.5.2]
	at org.junit.platform.engine.support.hierarchical.NodeTestTask.executeRecursively(NodeTestTask.java:122) ~[junit-platform-engine-1.5.2.jar:1.5.2]
	at org.junit.platform.engine.support.hierarchical.NodeTestTask.execute(NodeTestTask.java:80) ~[junit-platform-engine-1.5.2.jar:1.5.2]
	at org.junit.platform.engine.support.hierarchical.SameThreadHierarchicalTestExecutorService.submit(SameThreadHierarchicalTestExecutorService.java:32) ~[junit-platform-engine-1.5.2.jar:1.5.2]
	at org.junit.platform.engine.support.hierarchical.HierarchicalTestExecutor.execute(HierarchicalTestExecutor.java:57) ~[junit-platform-engine-1.5.2.jar:1.5.2]
	at org.junit.platform.engine.support.hierarchical.HierarchicalTestEngine.execute(HierarchicalTestEngine.java:51) ~[junit-platform-engine-1.5.2.jar:1.5.2]
	at org.junit.platform.launcher.core.DefaultLauncher.execute(DefaultLauncher.java:220) ~[junit-platform-launcher-1.3.1.jar:1.3.1]
	at org.junit.platform.launcher.core.DefaultLauncher.lambda$execute$6(DefaultLauncher.java:188) ~[junit-platform-launcher-1.3.1.jar:1.3.1]
	at org.junit.platform.launcher.core.DefaultLauncher.withInterceptedStreams(DefaultLauncher.java:202) ~[junit-platform-launcher-1.3.1.jar:1.3.1]
	at org.junit.platform.launcher.core.DefaultLauncher.execute(DefaultLauncher.java:181) ~[junit-platform-launcher-1.3.1.jar:1.3.1]
	at org.junit.platform.launcher.core.DefaultLauncher.execute(DefaultLauncher.java:128) ~[junit-platform-launcher-1.3.1.jar:1.3.1]
	at org.apache.maven.surefire.junitplatform.JUnitPlatformProvider.invokeAllTests(JUnitPlatformProvider.java:150) ~[surefire-junit-platform-2.22.2.jar:2.22.2]
	at org.apache.maven.surefire.junitplatform.JUnitPlatformProvider.invoke(JUnitPlatformProvider.java:124) ~[surefire-junit-platform-2.22.2.jar:2.22.2]
	at org.apache.maven.surefire.booter.ForkedBooter.invokeProviderInSameClassLoader(ForkedBooter.java:384) ~[surefire-booter-2.22.2.jar:2.22.2]
	at org.apache.maven.surefire.booter.ForkedBooter.runSuitesInProcess(ForkedBooter.java:345) ~[surefire-booter-2.22.2.jar:2.22.2]
	at org.apache.maven.surefire.booter.ForkedBooter.execute(ForkedBooter.java:126) ~[surefire-booter-2.22.2.jar:2.22.2]
	at org.apache.maven.surefire.booter.ForkedBooter.main(ForkedBooter.java:418) ~[surefire-booter-2.22.2.jar:2.22.2]
Caused by: org.springframework.boot.web.server.PortInUseException: Port 8080 is already in use
	at org.springframework.boot.web.embedded.tomcat.TomcatWebServer.start(TomcatWebServer.java:213) ~[spring-boot-2.2.4.RELEASE.jar:2.2.4.RELEASE]
	at org.springframework.boot.web.servlet.context.ServletWebServerApplicationContext.startWebServer(ServletWebServerApplicationContext.java:297) ~[spring-boot-2.2.4.RELEASE.jar:2.2.4.RELEASE]
	at org.springframework.boot.web.servlet.context.ServletWebServerApplicationContext.finishRefresh(ServletWebServerApplicationContext.java:163) ~[spring-boot-2.2.4.RELEASE.jar:2.2.4.RELEASE]
	at org.springframework.context.support.AbstractApplicationContext.refresh(AbstractApplicationContext.java:553) ~[spring-context-5.2.3.RELEASE.jar:5.2.3.RELEASE]
	at org.springframework.boot.web.servlet.context.ServletWebServerApplicationContext.refresh(ServletWebServerApplicationContext.java:141) ~[spring-boot-2.2.4.RELEASE.jar:2.2.4.RELEASE]
	at org.springframework.boot.SpringApplication.refresh(SpringApplication.java:747) ~[spring-boot-2.2.4.RELEASE.jar:2.2.4.RELEASE]
	at org.springframework.boot.SpringApplication.refreshContext(SpringApplication.java:397) ~[spring-boot-2.2.4.RELEASE.jar:2.2.4.RELEASE]
	at org.springframework.boot.SpringApplication.run(SpringApplication.java:315) ~[spring-boot-2.2.4.RELEASE.jar:2.2.4.RELEASE]
	at org.springframework.boot.test.context.SpringBootContextLoader.loadContext(SpringBootContextLoader.java:126) ~[spring-boot-test-2.2.4.RELEASE.jar:2.2.4.RELEASE]
	at org.springframework.test.context.cache.DefaultCacheAwareContextLoaderDelegate.loadContextInternal(DefaultCacheAwareContextLoaderDelegate.java:99) ~[spring-test-5.2.3.RELEASE.jar:5.2.3.RELEASE]
	at org.springframework.test.context.cache.DefaultCacheAwareContextLoaderDelegate.loadContext(DefaultCacheAwareContextLoaderDelegate.java:124) ~[spring-test-5.2.3.RELEASE.jar:5.2.3.RELEASE]
	... 66 common frames omitted

[8mha:////4OCNyX+2TAhWpQKvWopgj27hPQOOEASwy5T9Vp+89TeXAAAAYB+LCAAAAAAAAP9b85aBtbiIQSmjNKU4P0+vJLE4u1gvPjexLDVPzxdEuhYV5Rf55Zek1m9pfpLfVWLNxMBQUcQgBdWQnJ9XnJ+TqucMoUEKGSCAEaSwAABqVhoSYAAAAA==[0m[ERROR] Tests run: 2, Failures: 0, Errors: 2, Skipped: 0, Time elapsed: 5.455 s <<< FAILURE! - in pl.pandait.panda.PandaApplicationSeleniumTest
[8mha:////4OCNyX+2TAhWpQKvWopgj27hPQOOEASwy5T9Vp+89TeXAAAAYB+LCAAAAAAAAP9b85aBtbiIQSmjNKU4P0+vJLE4u1gvPjexLDVPzxdEuhYV5Rf55Zek1m9pfpLfVWLNxMBQUcQgBdWQnJ9XnJ+TqucMoUEKGSCAEaSwAABqVhoSYAAAAA==[0m[ERROR] greetings_shouldOpenMainPageThenReturnWelcomeText  Time elapsed: 0.001 s  <<< ERROR!
java.lang.IllegalStateException: Failed to load ApplicationContext
Caused by: org.springframework.boot.web.server.PortInUseException: Port 8080 is already in use

[8mha:////4OCNyX+2TAhWpQKvWopgj27hPQOOEASwy5T9Vp+89TeXAAAAYB+LCAAAAAAAAP9b85aBtbiIQSmjNKU4P0+vJLE4u1gvPjexLDVPzxdEuhYV5Rf55Zek1m9pfpLfVWLNxMBQUcQgBdWQnJ9XnJ+TqucMoUEKGSCAEaSwAABqVhoSYAAAAA==[0m[ERROR] greetings_shouldOpenSubpageThenReturnGreetingsText  Time elapsed: 0 s  <<< ERROR!
java.lang.IllegalStateException: Failed to load ApplicationContext
Caused by: org.springframework.boot.web.server.PortInUseException: Port 8080 is already in use

[INFO] 
[INFO] Results:
[INFO] 
[8mha:////4OCNyX+2TAhWpQKvWopgj27hPQOOEASwy5T9Vp+89TeXAAAAYB+LCAAAAAAAAP9b85aBtbiIQSmjNKU4P0+vJLE4u1gvPjexLDVPzxdEuhYV5Rf55Zek1m9pfpLfVWLNxMBQUcQgBdWQnJ9XnJ+TqucMoUEKGSCAEaSwAABqVhoSYAAAAA==[0m[ERROR] Errors: 
[8mha:////4OCNyX+2TAhWpQKvWopgj27hPQOOEASwy5T9Vp+89TeXAAAAYB+LCAAAAAAAAP9b85aBtbiIQSmjNKU4P0+vJLE4u1gvPjexLDVPzxdEuhYV5Rf55Zek1m9pfpLfVWLNxMBQUcQgBdWQnJ9XnJ+TqucMoUEKGSCAEaSwAABqVhoSYAAAAA==[0m[ERROR]   PandaApplicationSeleniumTest.greetings_shouldOpenMainPageThenReturnWelcomeText » IllegalState
[8mha:////4OCNyX+2TAhWpQKvWopgj27hPQOOEASwy5T9Vp+89TeXAAAAYB+LCAAAAAAAAP9b85aBtbiIQSmjNKU4P0+vJLE4u1gvPjexLDVPzxdEuhYV5Rf55Zek1m9pfpLfVWLNxMBQUcQgBdWQnJ9XnJ+TqucMoUEKGSCAEaSwAABqVhoSYAAAAA==[0m[ERROR]   PandaApplicationSeleniumTest.greetings_shouldOpenSubpageThenReturnGreetingsText » IllegalState
[INFO] 
[8mha:////4OCNyX+2TAhWpQKvWopgj27hPQOOEASwy5T9Vp+89TeXAAAAYB+LCAAAAAAAAP9b85aBtbiIQSmjNKU4P0+vJLE4u1gvPjexLDVPzxdEuhYV5Rf55Zek1m9pfpLfVWLNxMBQUcQgBdWQnJ9XnJ+TqucMoUEKGSCAEaSwAABqVhoSYAAAAA==[0m[ERROR] Tests run: 2, Failures: 0, Errors: 2, Skipped: 0
[INFO] 
[INFO] ------------------------------------------------------------------------
[INFO] BUILD FAILURE
[INFO] ------------------------------------------------------------------------
[INFO] Total time:  8.813 s
[INFO] Finished at: 2021-05-17T17:31:34Z
[INFO] ------------------------------------------------------------------------
[8mha:////4OCNyX+2TAhWpQKvWopgj27hPQOOEASwy5T9Vp+89TeXAAAAYB+LCAAAAAAAAP9b85aBtbiIQSmjNKU4P0+vJLE4u1gvPjexLDVPzxdEuhYV5Rf55Zek1m9pfpLfVWLNxMBQUcQgBdWQnJ9XnJ+TqucMoUEKGSCAEaSwAABqVhoSYAAAAA==[0m[ERROR] Failed to execute goal org.apache.maven.plugins:maven-surefire-plugin:2.22.2:test (default-test) on project panda: There are test failures.
[8mha:////4OCNyX+2TAhWpQKvWopgj27hPQOOEASwy5T9Vp+89TeXAAAAYB+LCAAAAAAAAP9b85aBtbiIQSmjNKU4P0+vJLE4u1gvPjexLDVPzxdEuhYV5Rf55Zek1m9pfpLfVWLNxMBQUcQgBdWQnJ9XnJ+TqucMoUEKGSCAEaSwAABqVhoSYAAAAA==[0m[ERROR] 
[8mha:////4OCNyX+2TAhWpQKvWopgj27hPQOOEASwy5T9Vp+89TeXAAAAYB+LCAAAAAAAAP9b85aBtbiIQSmjNKU4P0+vJLE4u1gvPjexLDVPzxdEuhYV5Rf55Zek1m9pfpLfVWLNxMBQUcQgBdWQnJ9XnJ+TqucMoUEKGSCAEaSwAABqVhoSYAAAAA==[0m[ERROR] Please refer to /var/jenkins_home/workspace/Maven/target/surefire-reports for the individual test results.
[8mha:////4OCNyX+2TAhWpQKvWopgj27hPQOOEASwy5T9Vp+89TeXAAAAYB+LCAAAAAAAAP9b85aBtbiIQSmjNKU4P0+vJLE4u1gvPjexLDVPzxdEuhYV5Rf55Zek1m9pfpLfVWLNxMBQUcQgBdWQnJ9XnJ+TqucMoUEKGSCAEaSwAABqVhoSYAAAAA==[0m[ERROR] Please refer to dump files (if any exist) [date].dump, [date]-jvmRun[N].dump and [date].dumpstream.
[8mha:////4OCNyX+2TAhWpQKvWopgj27hPQOOEASwy5T9Vp+89TeXAAAAYB+LCAAAAAAAAP9b85aBtbiIQSmjNKU4P0+vJLE4u1gvPjexLDVPzxdEuhYV5Rf55Zek1m9pfpLfVWLNxMBQUcQgBdWQnJ9XnJ+TqucMoUEKGSCAEaSwAABqVhoSYAAAAA==[0m[ERROR] -> [Help 1]
[8mha:////4OCNyX+2TAhWpQKvWopgj27hPQOOEASwy5T9Vp+89TeXAAAAYB+LCAAAAAAAAP9b85aBtbiIQSmjNKU4P0+vJLE4u1gvPjexLDVPzxdEuhYV5Rf55Zek1m9pfpLfVWLNxMBQUcQgBdWQnJ9XnJ+TqucMoUEKGSCAEaSwAABqVhoSYAAAAA==[0m[ERROR] 
[8mha:////4OCNyX+2TAhWpQKvWopgj27hPQOOEASwy5T9Vp+89TeXAAAAYB+LCAAAAAAAAP9b85aBtbiIQSmjNKU4P0+vJLE4u1gvPjexLDVPzxdEuhYV5Rf55Zek1m9pfpLfVWLNxMBQUcQgBdWQnJ9XnJ+TqucMoUEKGSCAEaSwAABqVhoSYAAAAA==[0m[ERROR] To see the full stack trace of the errors, re-run Maven with the -e switch.
[8mha:////4OCNyX+2TAhWpQKvWopgj27hPQOOEASwy5T9Vp+89TeXAAAAYB+LCAAAAAAAAP9b85aBtbiIQSmjNKU4P0+vJLE4u1gvPjexLDVPzxdEuhYV5Rf55Zek1m9pfpLfVWLNxMBQUcQgBdWQnJ9XnJ+TqucMoUEKGSCAEaSwAABqVhoSYAAAAA==[0m[ERROR] Re-run Maven using the -X switch to enable full debug logging.
[8mha:////4OCNyX+2TAhWpQKvWopgj27hPQOOEASwy5T9Vp+89TeXAAAAYB+LCAAAAAAAAP9b85aBtbiIQSmjNKU4P0+vJLE4u1gvPjexLDVPzxdEuhYV5Rf55Zek1m9pfpLfVWLNxMBQUcQgBdWQnJ9XnJ+TqucMoUEKGSCAEaSwAABqVhoSYAAAAA==[0m[ERROR] 
[8mha:////4OCNyX+2TAhWpQKvWopgj27hPQOOEASwy5T9Vp+89TeXAAAAYB+LCAAAAAAAAP9b85aBtbiIQSmjNKU4P0+vJLE4u1gvPjexLDVPzxdEuhYV5Rf55Zek1m9pfpLfVWLNxMBQUcQgBdWQnJ9XnJ+TqucMoUEKGSCAEaSwAABqVhoSYAAAAA==[0m[ERROR] For more information about the errors and possible solutions, please read the following articles:
[8mha:////4OCNyX+2TAhWpQKvWopgj27hPQOOEASwy5T9Vp+89TeXAAAAYB+LCAAAAAAAAP9b85aBtbiIQSmjNKU4P0+vJLE4u1gvPjexLDVPzxdEuhYV5Rf55Zek1m9pfpLfVWLNxMBQUcQgBdWQnJ9XnJ+TqucMoUEKGSCAEaSwAABqVhoSYAAAAA==[0m[ERROR] [Help 1] http://cwiki.apache.org/confluence/display/MAVEN/MojoFailureException
Build step 'Invoke top-level Maven targets' marked build as failure
Finished: FAILURE
